2022-05-15 20:19:17,864 [INFO] camera:: Initializing camera class with 20 fps and video_source=0
2022-05-15 20:19:17,991 [DEBUG] camera:: Starting thread
2022-05-15 20:19:17,992 [DEBUG] camera:: Observation started
2022-05-15 20:19:17,992 [INFO] camera:: Thread started
2022-05-15 20:19:18,006 [DEBUG] __main__:: Starting server
2022-05-15 20:19:32,934 [DEBUG] __main__:: Requested / thisiiiiiiiiiiii
2022-05-15 20:19:36,922 [DEBUG] __main__:: Requested last image
2022-05-15 20:20:31,810 [DEBUG] __main__:: Requested capture
2022-05-15 20:20:32,251 [DEBUG] __main__:: Requested / thisiiiiiiiiiiii
2022-05-15 20:20:32,373 [DEBUG] __main__:: Requested last image
2022-05-15 20:23:33,565 [DEBUG] __main__:: Requested stream page
2022-05-15 20:23:33,703 [DEBUG] __main__:: Starting stream
2022-05-16 12:30:25,190 [INFO] camera:: Initializing camera class with 20 fps and video_source=0
2022-05-16 12:30:25,334 [DEBUG] camera:: Starting thread
2022-05-16 12:30:25,334 [DEBUG] camera:: Observation started
2022-05-16 12:30:25,334 [INFO] camera:: Thread started
2022-05-16 12:30:25,345 [DEBUG] __main__:: Starting server
2022-05-16 12:30:29,071 [DEBUG] __main__:: Requested /
2022-05-16 12:30:30,878 [DEBUG] __main__:: Requested last image
2022-05-16 12:30:33,384 [DEBUG] __main__:: Requested stream page
2022-05-16 12:30:33,438 [DEBUG] __main__:: Starting stream
2022-05-16 16:35:34,227 [INFO] camera:: Initializing camera class with 20 fps and video_source=0
2022-05-16 16:35:34,356 [DEBUG] camera:: Starting thread
2022-05-16 16:35:34,356 [DEBUG] camera:: Observation started
2022-05-16 16:35:34,357 [INFO] camera:: Thread started
2022-05-16 16:35:34,368 [DEBUG] __main__:: Starting server
2022-05-16 16:35:37,470 [DEBUG] __main__:: Requested /
2022-05-16 16:35:37,688 [DEBUG] __main__:: Requested last image
2022-05-16 16:36:39,625 [DEBUG] __main__:: Requested stream page
2022-05-16 16:36:39,727 [DEBUG] __main__:: Starting stream
2022-05-16 16:36:50,903 [DEBUG] __main__:: Requested stream page
2022-05-16 16:36:51,027 [DEBUG] __main__:: Starting stream
2022-05-16 16:44:15,156 [INFO] camera:: Initializing camera class with 20 fps and video_source=0
2022-05-16 16:44:15,283 [DEBUG] camera:: Starting thread
2022-05-16 16:44:15,284 [DEBUG] camera:: Observation started
2022-05-16 16:44:15,284 [INFO] camera:: Thread started
2022-05-16 16:44:15,296 [DEBUG] __main__:: Starting server
2022-05-16 16:44:19,616 [DEBUG] __main__:: Requested /
2022-05-16 16:44:19,778 [DEBUG] __main__:: Requested last image
2022-05-16 16:44:23,401 [DEBUG] __main__:: Requested stream page
2022-05-16 16:44:23,498 [DEBUG] __main__:: Starting stream
2022-05-16 16:45:02,697 [INFO] camera:: Initializing camera class with 20 fps and video_source=0
2022-05-16 16:45:02,716 [DEBUG] camera:: Starting thread
2022-05-16 16:45:02,717 [DEBUG] camera:: Observation started
2022-05-16 16:45:02,717 [INFO] camera:: Thread started
2022-05-16 16:45:02,724 [DEBUG] __main__:: Starting server
2022-05-16 16:45:06,673 [DEBUG] __main__:: Requested stream page
2022-05-16 16:45:06,849 [DEBUG] __main__:: Starting stream
2022-05-16 16:45:08,028 [DEBUG] __main__:: Requested stream page
2022-05-16 16:45:08,166 [DEBUG] __main__:: Starting stream
2022-05-16 16:45:47,082 [INFO] camera:: Initializing camera class with 20 fps and video_source=0
2022-05-16 16:45:47,213 [DEBUG] camera:: Starting thread
2022-05-16 16:45:47,214 [DEBUG] camera:: Observation started
2022-05-16 16:45:47,214 [INFO] camera:: Thread started
2022-05-16 16:45:47,222 [DEBUG] __main__:: Starting server
2022-05-16 16:45:52,944 [DEBUG] __main__:: Requested stream page
2022-05-16 16:45:53,110 [DEBUG] __main__:: Starting stream
2022-05-16 16:47:48,880 [DEBUG] __main__:: Requested stream page
2022-05-16 16:47:49,053 [DEBUG] __main__:: Starting stream
2022-05-16 16:47:54,341 [DEBUG] __main__:: Requested /
2022-05-16 16:47:54,473 [DEBUG] __main__:: Requested last image
2022-05-16 16:47:57,060 [DEBUG] __main__:: Requested capture
2022-05-16 16:47:57,659 [DEBUG] __main__:: Requested /
2022-05-16 16:47:57,782 [DEBUG] __main__:: Requested last image
2022-05-16 16:48:46,668 [INFO] camera:: Initializing camera class with 30 fps and video_source=0
2022-05-16 16:48:46,688 [DEBUG] camera:: Starting thread
2022-05-16 16:48:46,690 [DEBUG] camera:: Observation started
2022-05-16 16:48:46,690 [INFO] camera:: Thread started
2022-05-16 16:48:46,707 [DEBUG] __main__:: Starting server
2022-05-16 16:48:50,547 [DEBUG] __main__:: Requested stream page
2022-05-16 16:48:50,699 [DEBUG] __main__:: Starting stream
2022-05-16 16:49:10,097 [DEBUG] __main__:: Requested stream page
2022-05-16 16:49:10,253 [DEBUG] __main__:: Starting stream
2022-05-16 16:54:04,215 [INFO] camera:: Initializing camera class with 30 fps and video_source=0
2022-05-16 16:54:04,343 [DEBUG] camera:: Starting thread
2022-05-16 16:54:04,344 [DEBUG] camera:: Observation started
2022-05-16 16:54:04,344 [INFO] camera:: Thread started
2022-05-16 16:54:04,356 [DEBUG] __main__:: Starting server
2022-05-16 16:54:08,624 [DEBUG] __main__:: Requested /
2022-05-16 16:54:08,788 [DEBUG] __main__:: Requested last image
2022-05-16 16:54:10,395 [DEBUG] __main__:: Requested stream page
2022-05-16 16:54:10,524 [DEBUG] __main__:: Starting stream
2022-05-16 16:54:47,175 [DEBUG] __main__:: Requested stream page
2022-05-16 16:54:47,319 [DEBUG] __main__:: Starting stream
2022-05-16 16:55:21,055 [DEBUG] __main__:: Requested stream page
2022-05-16 16:55:21,192 [DEBUG] __main__:: Starting stream
2022-05-16 16:55:31,426 [DEBUG] __main__:: Requested stream page
2022-05-16 16:55:31,555 [DEBUG] __main__:: Starting stream
2022-05-16 16:55:39,942 [DEBUG] __main__:: Requested stream page
2022-05-16 16:55:40,052 [DEBUG] __main__:: Starting stream
2022-05-16 16:55:40,800 [DEBUG] __main__:: Requested stream page
2022-05-16 16:55:40,908 [DEBUG] __main__:: Starting stream
2022-05-16 16:56:04,175 [INFO] camera:: Initializing camera class with 30 fps and video_source=0
2022-05-16 16:56:04,303 [DEBUG] camera:: Starting thread
2022-05-16 16:56:04,303 [DEBUG] camera:: Observation started
2022-05-16 16:56:04,303 [INFO] camera:: Thread started
2022-05-16 16:56:04,310 [DEBUG] __main__:: Starting server
2022-05-16 16:56:07,374 [DEBUG] __main__:: Requested stream page
2022-05-16 16:56:07,532 [DEBUG] __main__:: Starting stream
2022-05-16 16:59:34,547 [INFO] camera:: Initializing camera class with 30 fps and video_source=0
2022-05-16 16:59:34,677 [DEBUG] camera:: Starting thread
2022-05-16 16:59:34,678 [DEBUG] camera:: Observation started
2022-05-16 16:59:34,678 [INFO] camera:: Thread started
2022-05-16 16:59:34,689 [DEBUG] __main__:: Starting server
2022-05-16 16:59:37,834 [DEBUG] __main__:: Requested stream page
2022-05-16 16:59:37,988 [DEBUG] __main__:: Starting stream
2022-05-16 17:01:13,277 [DEBUG] __main__:: Requested stream page
2022-05-16 17:01:13,419 [DEBUG] __main__:: Starting stream
2022-05-16 17:05:46,227 [DEBUG] __main__:: Requested /
2022-05-16 17:05:46,363 [DEBUG] __main__:: Requested last image
2022-05-16 17:05:48,162 [DEBUG] __main__:: Requested stream page
2022-05-16 17:05:48,266 [DEBUG] __main__:: Starting stream
2022-05-17 19:57:44,999 [INFO] camera:: Initializing camera class with 30 fps and video_source=0
2022-05-17 19:57:45,125 [DEBUG] camera:: Starting thread
2022-05-17 19:57:45,126 [DEBUG] camera:: Observation started
2022-05-17 19:57:45,126 [INFO] camera:: Thread started
2022-05-17 19:57:45,140 [DEBUG] __main__:: Starting server
2022-05-17 19:57:49,343 [DEBUG] __main__:: Requested /
2022-05-17 19:57:53,424 [DEBUG] __main__:: Requested last image
2022-05-17 19:57:56,006 [DEBUG] __main__:: Requested stream page
2022-05-17 19:57:56,146 [DEBUG] __main__:: Starting stream
2022-05-17 19:59:19,581 [INFO] camera:: Initializing camera class with 30 fps and video_source=0
2022-05-17 19:59:19,712 [DEBUG] camera:: Starting thread
2022-05-17 19:59:19,713 [DEBUG] camera:: Observation started
2022-05-17 19:59:19,713 [INFO] camera:: Thread started
2022-05-17 19:59:19,727 [DEBUG] __main__:: Starting server
2022-05-17 19:59:22,691 [DEBUG] __main__:: Requested stream page
2022-05-17 19:59:22,861 [DEBUG] __main__:: Starting stream
2022-05-17 19:59:43,909 [INFO] camera:: Initializing camera class with 30 fps and video_source=0
2022-05-17 19:59:44,035 [DEBUG] camera:: Starting thread
2022-05-17 19:59:44,036 [DEBUG] camera:: Observation started
2022-05-17 19:59:44,036 [INFO] camera:: Thread started
2022-05-17 19:59:44,043 [DEBUG] __main__:: Starting server
2022-05-17 19:59:44,376 [DEBUG] __main__:: Requested stream page
2022-05-17 19:59:44,532 [DEBUG] __main__:: Starting stream
2022-05-17 20:03:32,051 [INFO] camera:: Initializing camera class with 30 fps and video_source=0
2022-05-17 20:03:32,176 [DEBUG] camera:: Starting thread
2022-05-17 20:03:32,176 [DEBUG] camera:: Observation started
2022-05-17 20:03:32,177 [INFO] camera:: Thread started
2022-05-17 20:03:32,187 [DEBUG] __main__:: Starting server
2022-05-17 20:03:38,591 [DEBUG] __main__:: Requested /
2022-05-17 20:03:38,734 [DEBUG] __main__:: Requested last image
2022-05-17 20:03:40,090 [DEBUG] __main__:: Requested stream page
2022-05-17 20:03:40,209 [DEBUG] __main__:: Starting stream
2022-05-17 20:05:02,800 [INFO] camera:: Initializing camera class with 30 fps and video_source=0
2022-05-17 20:05:02,928 [DEBUG] camera:: Starting thread
2022-05-17 20:05:02,929 [DEBUG] camera:: Observation started
2022-05-17 20:05:02,929 [INFO] camera:: Thread started
2022-05-17 20:05:02,937 [DEBUG] __main__:: Starting server
2022-05-17 20:05:03,116 [DEBUG] __main__:: Requested stream page
2022-05-17 20:05:03,280 [DEBUG] __main__:: Starting stream
2022-05-17 20:05:06,273 [DEBUG] __main__:: Requested capture
2022-05-17 20:14:13,344 [INFO] camera:: Initializing camera class with 30 fps and video_source=0
2022-05-17 20:14:13,474 [DEBUG] camera:: Starting thread
2022-05-17 20:14:13,474 [DEBUG] camera:: Observation started
2022-05-17 20:14:13,475 [INFO] camera:: Thread started
2022-05-17 20:14:13,480 [DEBUG] __main__:: Starting server
2022-05-17 20:14:17,506 [DEBUG] __main__:: Requested /
2022-05-17 20:14:19,396 [DEBUG] __main__:: Requested last image
2022-05-17 20:14:21,204 [DEBUG] __main__:: Requested stream page
2022-05-17 20:14:21,257 [DEBUG] __main__:: Starting stream
2022-05-17 20:15:38,724 [INFO] camera:: Initializing camera class with 30 fps and video_source=0
2022-05-17 20:15:38,851 [DEBUG] camera:: Starting thread
2022-05-17 20:15:38,851 [DEBUG] camera:: Observation started
2022-05-17 20:15:38,851 [INFO] camera:: Thread started
2022-05-17 20:15:38,863 [DEBUG] __main__:: Starting server
2022-05-17 20:15:39,786 [DEBUG] __main__:: Requested stream page
2022-05-17 20:15:39,870 [DEBUG] __main__:: Starting stream
2022-05-17 20:16:25,703 [INFO] camera:: Initializing camera class with 30 fps and video_source=0
2022-05-17 20:16:25,827 [DEBUG] camera:: Starting thread
2022-05-17 20:16:25,828 [DEBUG] camera:: Observation started
2022-05-17 20:16:25,828 [INFO] camera:: Thread started
2022-05-17 20:16:25,834 [DEBUG] __main__:: Starting server
2022-05-17 20:16:30,554 [DEBUG] __main__:: Requested stream page
2022-05-17 20:16:30,647 [DEBUG] __main__:: Starting stream
2022-05-17 20:17:22,816 [INFO] camera:: Initializing camera class with 30 fps and video_source=0
2022-05-17 20:17:22,944 [DEBUG] camera:: Starting thread
2022-05-17 20:17:22,945 [DEBUG] camera:: Observation started
2022-05-17 20:17:22,945 [INFO] camera:: Thread started
2022-05-17 20:17:22,956 [DEBUG] __main__:: Starting server
2022-05-17 20:17:27,721 [DEBUG] __main__:: Requested stream page
2022-05-17 20:17:27,835 [DEBUG] __main__:: Starting stream
2022-05-17 20:28:03,728 [INFO] camera:: Initializing camera class with 30 fps and video_source=0
2022-05-17 20:28:03,854 [DEBUG] camera:: Starting thread
2022-05-17 20:28:03,855 [DEBUG] camera:: Observation started
2022-05-17 20:28:03,855 [INFO] camera:: Thread started
2022-05-17 20:28:03,866 [DEBUG] __main__:: Starting server
2022-05-17 20:28:05,923 [DEBUG] __main__:: Requested stream page
2022-05-17 20:28:06,033 [DEBUG] __main__:: Starting stream
2022-05-17 20:30:12,827 [INFO] camera:: Initializing camera class with 30 fps and video_source=0
2022-05-17 20:30:12,950 [DEBUG] camera:: Starting thread
2022-05-17 20:30:12,951 [DEBUG] camera:: Observation started
2022-05-17 20:30:12,951 [INFO] camera:: Thread started
2022-05-17 20:30:12,966 [DEBUG] __main__:: Starting server
2022-05-17 20:30:16,589 [DEBUG] __main__:: Requested /
2022-05-17 20:30:16,681 [DEBUG] __main__:: Requested last image
2022-05-17 20:30:17,876 [DEBUG] __main__:: Requested stream page
2022-05-17 20:30:17,928 [DEBUG] __main__:: Starting stream
2022-05-17 20:31:20,690 [INFO] camera:: Initializing camera class with 30 fps and video_source=0
2022-05-17 20:31:20,814 [DEBUG] camera:: Starting thread
2022-05-17 20:31:20,814 [DEBUG] camera:: Observation started
2022-05-17 20:31:20,814 [INFO] camera:: Thread started
2022-05-17 20:31:20,819 [DEBUG] __main__:: Starting server
2022-05-17 20:31:23,201 [DEBUG] __main__:: Requested stream page
2022-05-17 20:31:23,268 [DEBUG] __main__:: Starting stream
2022-05-17 20:32:14,324 [INFO] camera:: Initializing camera class with 30 fps and video_source=0
2022-05-17 20:32:14,447 [DEBUG] camera:: Starting thread
2022-05-17 20:32:14,447 [DEBUG] camera:: Observation started
2022-05-17 20:32:14,447 [INFO] camera:: Thread started
2022-05-17 20:32:14,460 [DEBUG] __main__:: Starting server
2022-05-17 20:32:17,497 [DEBUG] __main__:: Requested stream page
2022-05-17 20:32:17,632 [DEBUG] __main__:: Starting stream
2022-05-17 20:34:16,215 [INFO] camera:: Initializing camera class with 30 fps and video_source=0
2022-05-17 20:34:16,341 [DEBUG] camera:: Starting thread
2022-05-17 20:34:16,341 [DEBUG] camera:: Observation started
2022-05-17 20:34:16,341 [INFO] camera:: Thread started
2022-05-17 20:34:16,353 [DEBUG] __main__:: Starting server
2022-05-17 20:34:21,433 [DEBUG] __main__:: Requested stream page
2022-05-17 20:34:21,562 [DEBUG] __main__:: Starting stream
2022-05-17 20:37:17,546 [INFO] camera:: Initializing camera class with 30 fps and video_source=0
2022-05-17 20:37:17,671 [DEBUG] camera:: Starting thread
2022-05-17 20:37:17,671 [DEBUG] camera:: Observation started
2022-05-17 20:37:17,671 [INFO] camera:: Thread started
2022-05-17 20:37:17,680 [DEBUG] __main__:: Starting server
2022-05-17 20:37:18,867 [DEBUG] __main__:: Requested stream page
2022-05-17 20:37:18,971 [DEBUG] __main__:: Starting stream
2022-05-17 20:38:34,491 [INFO] camera:: Initializing camera class with 30 fps and video_source=0
2022-05-17 20:38:34,617 [DEBUG] camera:: Starting thread
2022-05-17 20:38:34,618 [DEBUG] camera:: Observation started
2022-05-17 20:38:34,618 [INFO] camera:: Thread started
2022-05-17 20:38:34,630 [DEBUG] __main__:: Starting server
2022-05-17 20:38:38,042 [DEBUG] __main__:: Requested stream page
2022-05-17 20:38:38,138 [DEBUG] __main__:: Starting stream
2022-05-17 20:39:09,792 [INFO] camera:: Initializing camera class with 30 fps and video_source=0
2022-05-17 20:39:09,917 [DEBUG] camera:: Starting thread
2022-05-17 20:39:09,918 [DEBUG] camera:: Observation started
2022-05-17 20:39:09,918 [INFO] camera:: Thread started
2022-05-17 20:39:09,931 [DEBUG] __main__:: Starting server
2022-05-17 20:39:12,412 [DEBUG] __main__:: Requested stream page
2022-05-17 20:39:12,500 [DEBUG] __main__:: Starting stream
2022-05-17 20:40:29,673 [INFO] camera:: Initializing camera class with 30 fps and video_source=0
2022-05-17 20:40:29,797 [DEBUG] camera:: Starting thread
2022-05-17 20:40:29,797 [DEBUG] camera:: Observation started
2022-05-17 20:40:29,797 [INFO] camera:: Thread started
2022-05-17 20:40:29,802 [DEBUG] __main__:: Starting server
2022-05-17 20:40:32,497 [DEBUG] __main__:: Requested stream page
2022-05-17 20:40:32,626 [DEBUG] __main__:: Starting stream
2022-05-18 15:04:36,084 [INFO] camera:: Initializing camera class with 30 fps and video_source=0
2022-05-18 15:04:36,207 [DEBUG] camera:: Starting thread
2022-05-18 15:04:36,207 [DEBUG] camera:: Observation started
2022-05-18 15:04:36,208 [INFO] camera:: Thread started
2022-05-18 15:04:36,221 [DEBUG] __main__:: Starting server
2022-05-18 15:04:38,453 [DEBUG] __main__:: Requested /
2022-05-18 15:04:38,548 [DEBUG] __main__:: Requested last image
2022-05-18 15:04:39,584 [DEBUG] __main__:: Requested upload page
2022-05-18 15:05:33,072 [INFO] camera:: Initializing camera class with 30 fps and video_source=0
2022-05-18 15:05:33,197 [DEBUG] camera:: Starting thread
2022-05-18 15:05:33,198 [DEBUG] camera:: Observation started
2022-05-18 15:05:33,198 [INFO] camera:: Thread started
2022-05-18 15:05:33,205 [DEBUG] __main__:: Starting server
2022-05-18 15:05:35,922 [DEBUG] __main__:: Requested upload page
2022-05-18 15:05:40,662 [DEBUG] __main__:: Requested upload page
2022-05-18 15:05:43,353 [DEBUG] __main__:: Requested upload page
2022-05-18 15:05:46,414 [DEBUG] __main__:: Requested upload page
2022-05-18 15:06:01,658 [INFO] camera:: Initializing camera class with 30 fps and video_source=0
2022-05-18 15:06:01,784 [DEBUG] camera:: Starting thread
2022-05-18 15:06:01,784 [DEBUG] camera:: Observation started
2022-05-18 15:06:01,784 [INFO] camera:: Thread started
2022-05-18 15:06:01,799 [DEBUG] __main__:: Starting server
2022-05-18 15:06:02,301 [DEBUG] __main__:: Requested upload page
2022-05-18 15:06:07,373 [DEBUG] __main__:: Requested upload page
2022-05-18 15:08:02,151 [DEBUG] __main__:: Requested upload page
2022-05-18 15:08:12,055 [INFO] camera:: Initializing camera class with 30 fps and video_source=0
2022-05-18 15:08:12,180 [DEBUG] camera:: Starting thread
2022-05-18 15:08:12,181 [DEBUG] camera:: Observation started
2022-05-18 15:08:12,181 [INFO] camera:: Thread started
2022-05-18 15:08:12,187 [DEBUG] __main__:: Starting server
2022-05-18 15:08:12,747 [DEBUG] __main__:: Requested upload page
2022-05-18 15:08:14,427 [DEBUG] __main__:: Requested upload page
2022-05-18 15:08:20,552 [DEBUG] __main__:: Requested upload page
2022-05-18 15:17:46,067 [INFO] camera:: Initializing camera class with 30 fps and video_source=0
2022-05-18 15:17:46,200 [DEBUG] __main__:: Starting server
2022-05-18 15:17:56,423 [INFO] camera:: Initializing camera class with 30 fps and video_source=0
2022-05-18 15:17:56,559 [DEBUG] __main__:: Starting server
2022-05-18 15:18:31,713 [INFO] camera:: Initializing camera class with 30 fps and video_source=0
2022-05-18 15:18:31,848 [DEBUG] __main__:: Starting server
2022-05-18 15:18:33,893 [INFO] camera:: Initializing camera class with 30 fps and video_source=0
2022-05-18 15:18:33,897 [DEBUG] __main__:: Starting server
2022-05-18 15:18:38,198 [DEBUG] __main__:: Requested /
2022-05-18 15:18:38,279 [DEBUG] __main__:: Requested last image
2022-05-18 15:18:46,031 [DEBUG] camera:: Starting thread
2022-05-18 15:18:46,032 [DEBUG] camera:: Observation started
2022-05-18 15:18:46,032 [INFO] camera:: Thread started
2022-05-18 15:18:46,032 [DEBUG] __main__:: Requested capture
2022-05-18 15:18:50,718 [DEBUG] __main__:: Requested upload page
2022-05-18 15:18:54,213 [DEBUG] __main__:: Requested stream page
2022-05-18 15:18:54,291 [DEBUG] __main__:: Starting stream
2022-05-18 15:19:15,768 [INFO] camera:: Initializing camera class with 30 fps and video_source=0
2022-05-18 15:19:15,769 [DEBUG] camera:: Starting thread
2022-05-18 15:19:15,769 [DEBUG] camera:: Observation started
2022-05-18 15:19:15,769 [INFO] camera:: Thread started
2022-05-18 15:19:15,774 [DEBUG] __main__:: Starting server
2022-05-18 15:19:17,936 [DEBUG] __main__:: Requested stream page
2022-05-18 15:19:18,026 [DEBUG] __main__:: Starting stream
2022-05-18 15:19:18,636 [DEBUG] __main__:: Requested stream page
2022-05-18 15:19:18,728 [DEBUG] __main__:: Starting stream
2022-05-18 15:19:19,008 [DEBUG] __main__:: Requested stream page
2022-05-18 15:19:19,074 [DEBUG] __main__:: Starting stream
2022-05-18 15:19:21,059 [DEBUG] __main__:: Requested /
2022-05-18 15:19:21,161 [DEBUG] __main__:: Requested last image
2022-05-18 15:19:22,601 [DEBUG] __main__:: Requested capture
2022-05-18 15:19:28,291 [INFO] camera:: Initializing camera class with 30 fps and video_source=0
2022-05-18 15:19:28,418 [DEBUG] camera:: Starting thread
2022-05-18 15:19:28,418 [DEBUG] camera:: Observation started
2022-05-18 15:19:28,418 [INFO] camera:: Thread started
2022-05-18 15:19:28,432 [DEBUG] __main__:: Starting server
2022-05-18 15:19:30,613 [INFO] camera:: Initializing camera class with 30 fps and video_source=0
2022-05-18 15:19:30,613 [DEBUG] camera:: Starting thread
2022-05-18 15:19:30,614 [DEBUG] camera:: Observation started
2022-05-18 15:19:30,614 [INFO] camera:: Thread started
2022-05-18 15:19:30,619 [DEBUG] __main__:: Starting server
2022-05-18 15:19:30,645 [DEBUG] __main__:: Requested capture
2022-05-18 15:19:33,735 [DEBUG] __main__:: Requested /
2022-05-18 15:19:33,833 [DEBUG] __main__:: Requested last image
2022-05-18 15:19:35,039 [DEBUG] __main__:: Requested capture
2022-05-18 15:19:46,866 [INFO] camera:: Initializing camera class with 30 fps and video_source=0
2022-05-18 15:19:46,867 [DEBUG] camera:: Starting thread
2022-05-18 15:19:46,867 [DEBUG] camera:: Observation started
2022-05-18 15:19:46,867 [INFO] camera:: Thread started
2022-05-18 15:19:46,872 [DEBUG] __main__:: Starting server
2022-05-18 15:19:54,687 [INFO] camera:: Initializing camera class with 30 fps and video_source=0
2022-05-18 15:19:54,687 [DEBUG] camera:: Starting thread
2022-05-18 15:19:54,687 [DEBUG] camera:: Observation started
2022-05-18 15:19:54,687 [INFO] camera:: Thread started
2022-05-18 15:19:54,695 [DEBUG] __main__:: Starting server
2022-05-18 15:19:58,414 [DEBUG] __main__:: Requested capture
2022-05-18 15:20:00,584 [DEBUG] __main__:: Requested /
2022-05-18 15:20:00,663 [DEBUG] __main__:: Requested last image
2022-05-18 15:20:01,893 [DEBUG] __main__:: Requested capture
2022-05-18 15:20:10,845 [INFO] camera:: Initializing camera class with 30 fps and video_source=0
2022-05-18 15:20:10,971 [DEBUG] camera:: Starting thread
2022-05-18 15:20:10,972 [DEBUG] camera:: Observation started
2022-05-18 15:20:10,972 [INFO] camera:: Thread started
2022-05-18 15:20:10,983 [DEBUG] __main__:: Starting server
2022-05-18 15:20:13,113 [INFO] camera:: Initializing camera class with 30 fps and video_source=0
2022-05-18 15:20:13,114 [DEBUG] camera:: Starting thread
2022-05-18 15:20:13,114 [DEBUG] camera:: Observation started
2022-05-18 15:20:13,114 [INFO] camera:: Thread started
2022-05-18 15:20:13,119 [DEBUG] __main__:: Starting server
2022-05-18 15:20:17,863 [DEBUG] __main__:: Requested /
2022-05-18 15:20:17,950 [DEBUG] __main__:: Requested last image
2022-05-18 15:20:19,176 [DEBUG] __main__:: Requested capture
2022-05-18 15:20:33,527 [INFO] camera:: Initializing camera class with 30 fps and video_source=0
2022-05-18 15:20:33,527 [DEBUG] camera:: Starting thread
2022-05-18 15:20:33,528 [DEBUG] camera:: Observation started
2022-05-18 15:20:33,528 [INFO] camera:: Thread started
2022-05-18 15:20:33,532 [DEBUG] __main__:: Starting server
2022-05-18 15:20:50,681 [INFO] camera:: Initializing camera class with 30 fps and video_source=0
2022-05-18 15:20:50,808 [DEBUG] camera:: Starting thread
2022-05-18 15:20:50,808 [DEBUG] camera:: Observation started
2022-05-18 15:20:50,808 [INFO] camera:: Thread started
2022-05-18 15:20:50,821 [DEBUG] __main__:: Starting server
2022-05-18 15:20:53,343 [DEBUG] __main__:: Requested capture
2022-05-18 15:20:53,459 [DEBUG] __main__:: Requested /
2022-05-18 15:20:53,574 [DEBUG] __main__:: Requested last image
2022-05-18 15:20:54,914 [DEBUG] __main__:: Requested capture
2022-05-18 15:20:55,007 [DEBUG] __main__:: Requested /
2022-05-18 15:20:55,077 [DEBUG] __main__:: Requested last image
2022-05-18 15:20:56,393 [DEBUG] __main__:: Requested capture
2022-05-18 15:20:56,491 [DEBUG] __main__:: Requested /
2022-05-18 15:20:56,559 [DEBUG] __main__:: Requested last image
2022-05-18 15:20:58,756 [DEBUG] __main__:: Requested stream page
2022-05-18 15:20:58,810 [DEBUG] __main__:: Starting stream
2022-05-18 15:22:07,081 [INFO] camera:: Initializing camera class with 30 fps and video_source=0
2022-05-18 15:22:07,227 [DEBUG] __main__:: Starting server
2022-05-18 15:22:07,676 [DEBUG] __main__:: Requested stream page
2022-05-18 15:22:07,810 [DEBUG] __main__:: Starting stream
2022-05-18 15:22:09,348 [DEBUG] __main__:: Requested stream page
2022-05-18 15:22:09,432 [DEBUG] __main__:: Starting stream
2022-05-18 15:22:10,106 [DEBUG] __main__:: Requested stream page
2022-05-18 15:22:10,202 [DEBUG] __main__:: Starting stream
2022-05-18 15:22:41,722 [DEBUG] __main__:: Requested /
2022-05-18 15:22:41,805 [DEBUG] __main__:: Requested last image
2022-05-18 15:22:43,282 [DEBUG] camera:: Starting thread
2022-05-18 15:22:43,283 [DEBUG] camera:: Observation started
2022-05-18 15:22:43,283 [INFO] camera:: Thread started
2022-05-18 15:22:43,283 [DEBUG] __main__:: Requested capture
2022-05-18 15:23:45,856 [INFO] camera:: Initializing camera class with 30 fps and video_source=0
2022-05-18 15:23:45,980 [DEBUG] camera:: Starting thread
2022-05-18 15:23:45,981 [DEBUG] camera:: Observation started
2022-05-18 15:23:45,981 [INFO] camera:: Thread started
2022-05-18 15:23:45,987 [DEBUG] __main__:: Starting server
2022-05-18 15:23:47,062 [DEBUG] __main__:: Requested /
2022-05-18 15:23:47,150 [DEBUG] __main__:: Requested last image
2022-05-18 15:23:48,610 [DEBUG] __main__:: Requested /
2022-05-18 15:23:48,693 [DEBUG] __main__:: Requested last image
2022-05-18 15:23:49,697 [DEBUG] __main__:: Requested capture
2022-05-18 15:23:49,781 [DEBUG] __main__:: Requested /
2022-05-18 15:23:49,848 [DEBUG] __main__:: Requested last image
2022-05-18 15:23:54,908 [DEBUG] __main__:: Requested /
2022-05-18 15:23:55,032 [DEBUG] __main__:: Requested last image
2022-05-18 15:23:59,952 [DEBUG] __main__:: Requested capture
2022-05-18 15:24:00,059 [DEBUG] __main__:: Requested /
2022-05-18 15:24:00,168 [DEBUG] __main__:: Requested last image
2022-05-18 15:24:06,030 [DEBUG] __main__:: Requested upload page
2022-05-18 15:26:42,186 [DEBUG] __main__:: Requested upload page
2022-05-18 15:26:45,304 [DEBUG] __main__:: Requested /
2022-05-18 15:26:45,421 [DEBUG] __main__:: Requested last image
2022-05-18 15:45:25,751 [INFO] camera:: Initializing camera class with 30 fps and video_source=0
2022-05-18 15:45:25,874 [DEBUG] camera:: Starting thread
2022-05-18 15:45:25,874 [DEBUG] camera:: Observation started
2022-05-18 15:45:25,874 [INFO] camera:: Thread started
2022-05-18 15:45:25,888 [DEBUG] __main__:: Starting server
2022-05-18 15:45:27,634 [DEBUG] __main__:: Requested /
2022-05-18 15:47:01,541 [DEBUG] __main__:: Requested /
2022-05-18 15:47:08,294 [INFO] camera:: Initializing camera class with 30 fps and video_source=0
2022-05-18 15:47:08,424 [DEBUG] camera:: Starting thread
2022-05-18 15:47:08,424 [DEBUG] camera:: Observation started
2022-05-18 15:47:08,424 [INFO] camera:: Thread started
2022-05-18 15:47:08,435 [DEBUG] __main__:: Starting server
2022-05-18 15:47:08,877 [DEBUG] __main__:: Requested /
2022-05-18 15:49:50,475 [INFO] camera:: Initializing camera class with 30 fps and video_source=0
2022-05-18 15:49:50,492 [DEBUG] camera:: Starting thread
2022-05-18 15:49:50,492 [DEBUG] camera:: Observation started
2022-05-18 15:49:50,492 [INFO] camera:: Thread started
2022-05-18 15:49:50,499 [DEBUG] __main__:: Starting server
2022-05-18 15:49:51,303 [DEBUG] __main__:: Requested /
2022-05-18 15:49:52,641 [DEBUG] __main__:: Requested /
2022-05-18 15:49:56,648 [DEBUG] __main__:: Requested /capture
2022-05-18 15:49:56,726 [DEBUG] __main__:: Requested last image
2022-05-18 15:49:58,821 [DEBUG] __main__:: Requested capture
2022-05-18 15:49:58,923 [DEBUG] __main__:: Requested /capture
2022-05-18 15:49:59,014 [DEBUG] __main__:: Requested last image
2022-05-18 15:51:33,406 [INFO] camera:: Initializing camera class with 30 fps and video_source=0
2022-05-18 15:51:33,537 [DEBUG] camera:: Starting thread
2022-05-18 15:51:33,538 [DEBUG] camera:: Observation started
2022-05-18 15:51:33,538 [INFO] camera:: Thread started
2022-05-18 15:51:33,558 [DEBUG] __main__:: Starting server
2022-05-18 15:51:33,732 [DEBUG] __main__:: Requested /
2022-05-18 15:51:39,884 [DEBUG] __main__:: Requested /capture
2022-05-18 15:51:39,994 [DEBUG] __main__:: Requested last image
2022-05-18 15:51:41,503 [DEBUG] __main__:: Requested stream page
2022-05-18 15:51:41,560 [DEBUG] __main__:: Starting stream
2022-05-18 15:51:45,448 [DEBUG] __main__:: Requested stream page
2022-05-18 15:51:45,508 [DEBUG] __main__:: Starting stream
2022-05-18 15:51:48,660 [DEBUG] __main__:: Requested upload page
2022-05-18 15:53:41,479 [DEBUG] __main__:: Starting server
2022-05-18 15:53:46,898 [DEBUG] __main__:: Requested /
2022-05-18 15:53:48,524 [DEBUG] __main__:: Requested /capture
2022-05-18 15:53:48,617 [DEBUG] __main__:: Requested last image
2022-05-18 15:53:50,857 [DEBUG] __main__:: Requested capture
2022-05-18 15:53:50,857 [INFO] camera:: Initializing camera class with 30 fps and video_source=0
2022-05-18 15:53:50,980 [DEBUG] camera:: Starting thread
2022-05-18 15:53:50,981 [DEBUG] camera:: Observation started
2022-05-18 15:53:50,981 [INFO] camera:: Thread started
2022-05-18 15:55:39,791 [DEBUG] __main__:: Starting server
2022-05-18 15:55:43,015 [DEBUG] __main__:: Requested capture
2022-05-18 15:55:43,128 [DEBUG] __main__:: Requested /capture
2022-05-18 15:55:43,224 [DEBUG] __main__:: Requested last image
2022-05-18 15:55:44,480 [DEBUG] __main__:: Requested capture
2022-05-18 15:55:44,567 [DEBUG] __main__:: Requested /capture
2022-05-18 15:55:44,648 [DEBUG] __main__:: Requested last image
2022-05-18 15:55:45,180 [DEBUG] __main__:: Requested capture
2022-05-18 15:55:45,272 [DEBUG] __main__:: Requested /capture
2022-05-18 15:55:45,343 [DEBUG] __main__:: Requested last image
2022-05-18 15:55:45,811 [DEBUG] __main__:: Requested capture
2022-05-18 15:55:45,908 [DEBUG] __main__:: Requested /capture
2022-05-18 15:55:45,996 [DEBUG] __main__:: Requested last image
2022-05-18 15:55:46,672 [DEBUG] __main__:: Requested capture
2022-05-18 15:55:46,778 [DEBUG] __main__:: Requested /capture
2022-05-18 15:55:46,856 [DEBUG] __main__:: Requested last image
2022-05-18 15:55:49,407 [DEBUG] __main__:: Requested /
2022-05-18 15:55:51,496 [DEBUG] __main__:: Requested /capture
2022-05-18 15:55:51,587 [DEBUG] __main__:: Requested last image
2022-05-18 15:55:54,513 [DEBUG] __main__:: Requested stream page
2022-05-18 15:56:22,163 [DEBUG] __main__:: Starting server
2022-05-18 15:56:22,628 [DEBUG] __main__:: Requested /
2022-05-18 15:56:23,958 [DEBUG] __main__:: Requested /capture
2022-05-18 15:56:24,039 [DEBUG] __main__:: Requested last image
2022-05-18 15:56:25,555 [DEBUG] __main__:: Requested capture
2022-05-18 15:56:25,555 [INFO] camera:: Initializing camera class with 30 fps and video_source=0
2022-05-18 15:56:25,684 [DEBUG] camera:: Starting thread
2022-05-18 15:56:25,684 [DEBUG] camera:: Observation started
2022-05-18 15:56:25,684 [INFO] camera:: Thread started
2022-05-18 15:56:29,622 [DEBUG] __main__:: Requested capture
2022-05-18 15:56:29,623 [INFO] camera:: Initializing camera class with 30 fps and video_source=0
2022-05-18 15:56:30,302 [DEBUG] __main__:: Requested capture
2022-05-18 15:56:30,302 [INFO] camera:: Initializing camera class with 30 fps and video_source=0
2022-05-18 15:56:30,700 [DEBUG] __main__:: Requested capture
2022-05-18 15:56:30,700 [INFO] camera:: Initializing camera class with 30 fps and video_source=0
2022-05-18 15:56:30,877 [DEBUG] __main__:: Requested capture
2022-05-18 15:56:30,877 [INFO] camera:: Initializing camera class with 30 fps and video_source=0
2022-05-18 15:56:33,576 [DEBUG] __main__:: Requested /
2022-05-18 15:56:34,606 [DEBUG] __main__:: Requested /capture
2022-05-18 15:56:34,709 [DEBUG] __main__:: Requested last image
2022-05-18 15:56:35,885 [DEBUG] __main__:: Requested capture
2022-05-18 15:56:35,886 [INFO] camera:: Initializing camera class with 30 fps and video_source=0
2022-05-18 15:58:13,350 [INFO] camera:: Initializing camera class with 30 fps and video_source=0
2022-05-18 15:58:13,484 [DEBUG] __main__:: Starting server
2022-05-18 15:58:20,429 [DEBUG] __main__:: Requested /
2022-05-18 15:58:21,351 [DEBUG] __main__:: Requested /capture
2022-05-18 15:58:21,435 [DEBUG] __main__:: Requested last image
2022-05-18 15:58:22,779 [DEBUG] __main__:: Requested capture
2022-05-18 15:58:22,779 [DEBUG] camera:: Starting thread
2022-05-18 15:58:22,780 [DEBUG] camera:: Observation started
2022-05-18 15:58:22,780 [INFO] camera:: Thread started
2022-05-18 15:58:28,593 [DEBUG] __main__:: Requested capture
2022-05-18 15:58:28,703 [DEBUG] __main__:: Requested /capture
2022-05-18 15:58:28,782 [DEBUG] __main__:: Requested last image
2022-05-18 15:58:30,200 [DEBUG] __main__:: Requested capture
2022-05-18 15:58:30,309 [DEBUG] __main__:: Requested /capture
2022-05-18 15:58:30,402 [DEBUG] __main__:: Requested last image
2022-05-18 15:58:30,853 [DEBUG] __main__:: Requested capture
2022-05-18 15:58:30,957 [DEBUG] __main__:: Requested /capture
2022-05-18 15:58:31,041 [DEBUG] __main__:: Requested last image
2022-05-18 15:58:31,525 [DEBUG] __main__:: Requested capture
2022-05-18 15:58:31,648 [DEBUG] __main__:: Requested /capture
2022-05-18 15:58:31,725 [DEBUG] __main__:: Requested last image
2022-05-18 15:58:35,749 [DEBUG] __main__:: Requested /capture
2022-05-18 15:58:35,837 [DEBUG] __main__:: Requested last image
2022-05-18 15:58:40,394 [DEBUG] __main__:: Requested /capture
2022-05-18 15:58:40,502 [DEBUG] __main__:: Requested last image
2022-05-18 15:58:41,213 [DEBUG] __main__:: Requested /capture
2022-05-18 15:58:41,333 [DEBUG] __main__:: Requested last image
2022-05-18 15:58:43,270 [DEBUG] __main__:: Requested /
2022-05-18 15:58:44,609 [DEBUG] __main__:: Requested /
2022-05-18 15:59:11,501 [INFO] camera:: Initializing camera class with 30 fps and video_source=0
2022-05-18 15:59:11,633 [DEBUG] __main__:: Starting server
2022-05-18 15:59:12,454 [DEBUG] __main__:: Requested /
2022-05-18 15:59:13,290 [DEBUG] __main__:: Requested /capture
2022-05-18 15:59:13,370 [DEBUG] __main__:: Requested last image
2022-05-18 15:59:15,253 [DEBUG] __main__:: Requested capture
2022-05-18 15:59:15,253 [DEBUG] camera:: Starting thread
2022-05-18 15:59:15,254 [DEBUG] camera:: Observation started
2022-05-18 15:59:15,254 [INFO] camera:: Thread started
2022-05-18 15:59:17,967 [DEBUG] __main__:: Requested capture
2022-05-18 15:59:18,066 [DEBUG] camera:: Stopping thread
2022-05-18 15:59:18,076 [DEBUG] __main__:: Requested /capture
2022-05-18 15:59:18,095 [INFO] camera:: Thread stopped successfully
2022-05-18 15:59:18,171 [DEBUG] __main__:: Requested last image
2022-05-18 15:59:19,643 [DEBUG] __main__:: Requested capture
2022-05-18 15:59:19,744 [DEBUG] camera:: Stopping thread
2022-05-18 15:59:19,750 [DEBUG] __main__:: Requested /capture
2022-05-18 15:59:19,851 [DEBUG] __main__:: Requested last image
2022-05-18 15:59:20,322 [DEBUG] __main__:: Requested capture
2022-05-18 15:59:20,417 [DEBUG] camera:: Stopping thread
2022-05-18 15:59:20,424 [DEBUG] __main__:: Requested /capture
2022-05-18 15:59:20,500 [DEBUG] __main__:: Requested last image
2022-05-18 15:59:21,011 [DEBUG] __main__:: Requested capture
2022-05-18 15:59:21,103 [DEBUG] camera:: Stopping thread
2022-05-18 15:59:21,111 [DEBUG] __main__:: Requested /capture
2022-05-18 15:59:21,207 [DEBUG] __main__:: Requested last image
2022-05-18 15:59:21,884 [DEBUG] __main__:: Requested capture
2022-05-18 15:59:21,993 [DEBUG] camera:: Stopping thread
2022-05-18 15:59:22,002 [DEBUG] __main__:: Requested /capture
2022-05-18 15:59:22,080 [DEBUG] __main__:: Requested last image
2022-05-18 16:00:59,929 [INFO] camera:: Initializing camera class with 30 fps and video_source=0
2022-05-18 16:01:00,064 [DEBUG] __main__:: Starting server
2022-05-18 16:01:02,298 [DEBUG] __main__:: Requested /capture
2022-05-18 16:01:02,403 [DEBUG] __main__:: Requested last image
2022-05-18 16:01:04,378 [DEBUG] __main__:: Requested /
2022-05-18 16:01:05,358 [DEBUG] __main__:: Requested /capture
2022-05-18 16:01:05,437 [DEBUG] __main__:: Requested last image
2022-05-18 16:01:06,472 [DEBUG] __main__:: Requested capture
2022-05-18 16:01:06,472 [DEBUG] camera:: Starting thread
2022-05-18 16:01:06,472 [DEBUG] camera:: Observation started
2022-05-18 16:01:06,472 [INFO] camera:: Thread started
2022-05-18 16:01:07,450 [DEBUG] __main__:: Requested capture
2022-05-18 16:01:07,759 [DEBUG] camera:: Stopping thread
2022-05-18 16:01:07,819 [DEBUG] __main__:: Requested /capture
2022-05-18 16:01:07,856 [INFO] camera:: Thread stopped successfully
2022-05-18 16:01:07,975 [DEBUG] __main__:: Requested last image
2022-05-18 16:01:09,797 [DEBUG] __main__:: Requested capture
2022-05-18 16:01:10,079 [DEBUG] camera:: Stopping thread
2022-05-18 16:01:10,129 [DEBUG] __main__:: Requested /capture
2022-05-18 16:01:10,244 [DEBUG] __main__:: Requested last image
2022-05-18 16:01:11,454 [DEBUG] __main__:: Requested capture
2022-05-18 16:01:11,762 [DEBUG] camera:: Stopping thread
2022-05-18 16:01:11,831 [DEBUG] __main__:: Requested /capture
2022-05-18 16:01:11,966 [DEBUG] __main__:: Requested last image
2022-05-18 16:01:14,009 [DEBUG] __main__:: Requested capture
2022-05-18 16:01:14,351 [DEBUG] camera:: Stopping thread
2022-05-18 16:01:14,415 [DEBUG] __main__:: Requested /capture
2022-05-18 16:01:14,555 [DEBUG] __main__:: Requested last image
2022-05-18 16:01:15,317 [DEBUG] __main__:: Requested capture
2022-05-18 16:01:15,609 [DEBUG] camera:: Stopping thread
2022-05-18 16:01:15,673 [DEBUG] __main__:: Requested /capture
2022-05-18 16:01:15,814 [DEBUG] __main__:: Requested last image
2022-05-18 16:01:43,173 [INFO] camera:: Initializing camera class with 30 fps and video_source=0
2022-05-18 16:01:43,307 [DEBUG] __main__:: Starting server
2022-05-18 16:01:46,457 [DEBUG] __main__:: Requested /
2022-05-18 16:01:47,741 [DEBUG] __main__:: Requested /capture
2022-05-18 16:01:47,825 [DEBUG] __main__:: Requested last image
2022-05-18 16:01:48,873 [DEBUG] __main__:: Requested capture
2022-05-18 16:01:48,873 [DEBUG] camera:: Starting thread
2022-05-18 16:01:48,873 [DEBUG] camera:: Observation started
2022-05-18 16:01:48,874 [INFO] camera:: Thread started
2022-05-18 16:01:51,873 [DEBUG] __main__:: Requested /capture
2022-05-18 16:01:51,951 [DEBUG] __main__:: Requested last image
2022-05-18 16:01:52,872 [DEBUG] __main__:: Requested /capture
2022-05-18 16:01:52,969 [DEBUG] __main__:: Requested last image
2022-05-18 16:01:53,443 [DEBUG] __main__:: Requested /capture
2022-05-18 16:01:53,546 [DEBUG] __main__:: Requested last image
2022-05-18 16:02:08,466 [INFO] camera:: Initializing camera class with 30 fps and video_source=0
2022-05-18 16:02:08,488 [DEBUG] __main__:: Starting server
2022-05-18 16:02:12,074 [DEBUG] __main__:: Requested /
2022-05-18 16:02:13,629 [DEBUG] __main__:: Requested /capture
2022-05-18 16:02:13,714 [DEBUG] __main__:: Requested last image
2022-05-18 16:02:14,763 [DEBUG] __main__:: Requested capture
2022-05-18 16:02:14,763 [DEBUG] camera:: Starting thread
2022-05-18 16:02:14,763 [DEBUG] camera:: Observation started
2022-05-18 16:02:14,763 [INFO] camera:: Thread started
2022-05-18 16:02:17,088 [DEBUG] __main__:: Requested capture
2022-05-18 16:02:17,394 [DEBUG] camera:: Stopping thread
2022-05-18 16:02:17,443 [DEBUG] __main__:: Requested /capture
2022-05-18 16:02:17,490 [INFO] camera:: Thread stopped successfully
2022-05-18 16:02:17,589 [DEBUG] __main__:: Requested last image
2022-05-18 16:02:24,149 [DEBUG] __main__:: Requested capture
2022-05-18 16:02:24,440 [DEBUG] camera:: Stopping thread
2022-05-18 16:02:24,514 [DEBUG] __main__:: Requested /capture
2022-05-18 16:02:24,662 [DEBUG] __main__:: Requested last image
2022-05-18 16:02:26,053 [DEBUG] __main__:: Requested capture
2022-05-18 16:02:26,366 [DEBUG] camera:: Stopping thread
2022-05-18 16:02:26,429 [DEBUG] __main__:: Requested /capture
2022-05-18 16:02:26,568 [DEBUG] __main__:: Requested last image
2022-05-18 16:02:27,354 [DEBUG] __main__:: Requested capture
2022-05-18 16:02:27,649 [DEBUG] camera:: Stopping thread
2022-05-18 16:02:27,703 [DEBUG] __main__:: Requested /capture
2022-05-18 16:02:27,833 [DEBUG] __main__:: Requested last image
2022-05-18 16:02:29,641 [DEBUG] __main__:: Requested capture
2022-05-18 16:02:29,928 [DEBUG] camera:: Stopping thread
2022-05-18 16:02:29,994 [DEBUG] __main__:: Requested /capture
2022-05-18 16:02:30,136 [DEBUG] __main__:: Requested last image
2022-05-18 16:02:31,494 [DEBUG] __main__:: Requested capture
2022-05-18 16:02:31,802 [DEBUG] camera:: Stopping thread
2022-05-18 16:02:31,871 [DEBUG] __main__:: Requested /capture
2022-05-18 16:02:31,994 [DEBUG] __main__:: Requested last image
2022-05-18 16:02:32,490 [DEBUG] __main__:: Requested capture
2022-05-18 16:02:32,697 [DEBUG] __main__:: Requested capture
2022-05-18 16:02:32,789 [DEBUG] camera:: Stopping thread
2022-05-18 16:02:32,850 [DEBUG] __main__:: Requested capture
2022-05-18 16:02:32,934 [DEBUG] camera:: Stopping thread
2022-05-18 16:02:33,028 [DEBUG] __main__:: Requested capture
2022-05-18 16:02:33,118 [DEBUG] camera:: Stopping thread
2022-05-18 16:02:33,309 [DEBUG] camera:: Stopping thread
2022-05-18 16:02:33,373 [DEBUG] __main__:: Requested /capture
2022-05-18 16:02:33,506 [DEBUG] __main__:: Requested last image
2022-05-18 16:02:34,966 [DEBUG] __main__:: Requested capture
2022-05-18 16:02:35,221 [DEBUG] camera:: Stopping thread
2022-05-18 16:02:35,285 [DEBUG] __main__:: Requested /capture
2022-05-18 16:02:35,423 [DEBUG] __main__:: Requested last image
2022-05-18 16:03:05,956 [INFO] camera:: Initializing camera class with 30 fps and video_source=0
2022-05-18 16:03:06,093 [DEBUG] __main__:: Starting server
2022-05-18 16:03:07,925 [DEBUG] __main__:: Requested /
2022-05-18 16:03:08,935 [DEBUG] __main__:: Requested /capture
2022-05-18 16:03:09,022 [DEBUG] __main__:: Requested last image
2022-05-18 16:03:10,258 [DEBUG] __main__:: Requested capture
2022-05-18 16:03:10,258 [DEBUG] camera:: Starting thread
2022-05-18 16:03:10,259 [DEBUG] camera:: Observation started
2022-05-18 16:03:10,259 [INFO] camera:: Thread started
2022-05-18 16:03:12,690 [DEBUG] __main__:: Requested capture
2022-05-18 16:03:12,963 [DEBUG] camera:: Stopping thread
2022-05-18 16:03:13,038 [DEBUG] __main__:: Requested /capture
2022-05-18 16:03:13,043 [INFO] camera:: Thread stopped successfully
2022-05-18 16:03:13,155 [DEBUG] __main__:: Requested last image
2022-05-18 16:03:14,353 [DEBUG] __main__:: Requested capture
2022-05-18 16:03:14,620 [DEBUG] camera:: Stopping thread
2022-05-18 16:03:14,674 [DEBUG] __main__:: Requested /capture
2022-05-18 16:03:14,821 [DEBUG] __main__:: Requested last image
2022-05-18 16:03:16,861 [DEBUG] __main__:: Requested capture
2022-05-18 16:03:17,167 [DEBUG] camera:: Stopping thread
2022-05-18 16:03:17,226 [DEBUG] __main__:: Requested /capture
2022-05-18 16:03:17,363 [DEBUG] __main__:: Requested last image
2022-05-18 16:03:51,130 [INFO] camera:: Initializing camera class with 30 fps and video_source=0
2022-05-18 16:03:51,271 [DEBUG] __main__:: Starting server
2022-05-18 16:03:55,072 [DEBUG] __main__:: Requested /capture
2022-05-18 16:03:55,182 [DEBUG] __main__:: Requested last image
2022-05-18 16:03:56,262 [DEBUG] __main__:: Requested capture
2022-05-18 16:03:56,262 [DEBUG] camera:: Starting thread
2022-05-18 16:03:56,263 [DEBUG] camera:: Observation started
2022-05-18 16:03:56,263 [INFO] camera:: Thread started
2022-05-18 16:05:49,975 [INFO] camera:: Initializing camera class with 60 fps and video_source=0
2022-05-18 16:05:50,104 [DEBUG] camera:: Starting thread
2022-05-18 16:05:50,104 [DEBUG] camera:: Observation started
2022-05-18 16:05:50,104 [INFO] camera:: Thread started
2022-05-18 16:05:50,121 [DEBUG] __main__:: Starting server
2022-05-18 16:05:51,794 [DEBUG] __main__:: Requested capture
2022-05-18 16:05:51,922 [DEBUG] __main__:: Requested /capture
2022-05-18 16:05:52,036 [DEBUG] __main__:: Requested last image
2022-05-18 16:05:53,799 [DEBUG] __main__:: Requested capture
2022-05-18 16:05:53,881 [DEBUG] __main__:: Requested /capture
2022-05-18 16:05:53,970 [DEBUG] __main__:: Requested last image
2022-05-18 16:05:54,514 [DEBUG] __main__:: Requested capture
2022-05-18 16:05:54,620 [DEBUG] __main__:: Requested /capture
2022-05-18 16:05:54,692 [DEBUG] __main__:: Requested last image
2022-05-18 16:05:55,211 [DEBUG] __main__:: Requested capture
2022-05-18 16:05:55,322 [DEBUG] __main__:: Requested /capture
2022-05-18 16:05:55,413 [DEBUG] __main__:: Requested last image
2022-05-18 16:05:58,561 [DEBUG] __main__:: Requested /
2022-05-18 16:06:00,226 [DEBUG] __main__:: Requested stream page
2022-05-18 16:06:00,290 [DEBUG] __main__:: Starting stream
2022-05-18 16:12:07,032 [INFO] camera:: Initializing camera class with 60 fps and video_source=0
2022-05-18 16:12:07,157 [DEBUG] camera:: Starting thread
2022-05-18 16:12:07,158 [DEBUG] camera:: Observation started
2022-05-18 16:12:07,158 [INFO] camera:: Thread started
2022-05-18 16:12:07,175 [DEBUG] __main__:: Starting server
2022-05-18 16:12:08,015 [DEBUG] __main__:: Requested /
2022-05-18 16:12:12,435 [DEBUG] __main__:: Requested /capture
2022-05-18 16:12:12,524 [DEBUG] __main__:: Requested last image
2022-05-18 16:12:14,299 [DEBUG] __main__:: Requested capture
2022-05-18 16:12:14,424 [DEBUG] __main__:: Requested /capture
2022-05-18 16:12:14,509 [DEBUG] __main__:: Requested last image
2022-05-18 16:12:15,936 [DEBUG] __main__:: Requested capture
2022-05-18 16:12:16,049 [DEBUG] __main__:: Requested /capture
2022-05-18 16:12:16,138 [DEBUG] __main__:: Requested last image
2022-05-18 16:12:19,042 [DEBUG] __main__:: Requested /capture
2022-05-18 16:12:19,147 [DEBUG] __main__:: Requested last image
2022-05-18 16:12:23,455 [DEBUG] __main__:: Requested /
2022-05-18 16:12:24,552 [DEBUG] __main__:: Requested stream page
2022-05-18 16:12:24,608 [DEBUG] __main__:: Starting stream
2022-05-18 16:12:34,519 [DEBUG] __main__:: Requested /
2022-05-18 16:12:35,928 [DEBUG] __main__:: Requested upload page
2022-05-18 16:13:16,214 [DEBUG] __main__:: Requested /
2022-05-18 16:13:19,539 [DEBUG] __main__:: Requested stream page
2022-05-18 16:13:19,602 [DEBUG] __main__:: Starting stream
2022-05-18 16:14:38,454 [DEBUG] __main__:: Starting server
2022-05-18 16:14:40,707 [DEBUG] __main__:: Requested /
2022-05-18 16:14:43,371 [INFO] camera:: Initializing camera class with 60 fps and video_source=0
2022-05-18 16:14:43,500 [DEBUG] camera:: Starting thread
2022-05-18 16:14:43,500 [DEBUG] camera:: Observation started
2022-05-18 16:14:43,500 [INFO] camera:: Thread started
2022-05-18 16:14:43,501 [DEBUG] __main__:: Requested /capture
2022-05-18 16:14:43,595 [DEBUG] __main__:: Requested last image
2022-05-18 16:14:44,966 [DEBUG] __main__:: Requested capture
2022-05-18 16:15:17,954 [DEBUG] __main__:: Requested capture
2022-05-18 16:15:21,679 [DEBUG] __main__:: Requested stream page
2022-05-18 16:15:24,601 [DEBUG] __main__:: Requested upload page
2022-05-18 16:17:18,994 [DEBUG] __main__:: Requested upload page
2022-05-18 16:17:28,787 [DEBUG] __main__:: Requested upload page
2022-05-18 16:20:50,207 [DEBUG] __main__:: Starting server
2022-05-18 16:20:51,005 [DEBUG] __main__:: Requested /
2022-05-18 16:20:51,747 [DEBUG] __main__:: Requested /
2022-05-18 16:20:52,731 [DEBUG] __main__:: Requested /capture
2022-05-18 16:20:52,832 [DEBUG] __main__:: Requested last image
2022-05-18 16:20:55,006 [DEBUG] __main__:: Requested /capture
2022-05-18 16:20:55,125 [DEBUG] __main__:: Requested last image
2022-05-18 16:20:55,650 [DEBUG] __main__:: Requested /capture
2022-05-18 16:20:55,764 [DEBUG] __main__:: Requested last image
2022-05-18 16:20:57,508 [DEBUG] __main__:: Requested capture
2022-05-18 16:20:57,614 [DEBUG] camera:: Stopping thread
2022-05-18 16:20:57,620 [DEBUG] __main__:: Requested /capture
2022-05-18 16:20:57,629 [INFO] camera:: Thread stopped successfully
2022-05-18 16:20:57,698 [DEBUG] __main__:: Requested last image
2022-05-18 16:20:58,637 [DEBUG] __main__:: Requested capture
2022-05-18 16:20:58,744 [DEBUG] camera:: Stopping thread
2022-05-18 16:20:58,750 [DEBUG] __main__:: Requested /capture
2022-05-18 16:20:58,857 [DEBUG] __main__:: Requested last image
2022-05-18 16:20:59,529 [DEBUG] __main__:: Requested capture
2022-05-18 16:20:59,639 [DEBUG] camera:: Stopping thread
2022-05-18 16:20:59,647 [DEBUG] __main__:: Requested /capture
2022-05-18 16:20:59,721 [DEBUG] __main__:: Requested last image
2022-05-18 16:21:00,425 [DEBUG] __main__:: Requested capture
2022-05-18 16:21:00,515 [DEBUG] camera:: Stopping thread
2022-05-18 16:21:00,521 [DEBUG] __main__:: Requested /capture
2022-05-18 16:21:00,600 [DEBUG] __main__:: Requested last image
2022-05-18 16:21:01,400 [DEBUG] __main__:: Requested capture
2022-05-18 16:21:01,500 [DEBUG] camera:: Stopping thread
2022-05-18 16:21:01,505 [DEBUG] __main__:: Requested /capture
2022-05-18 16:21:01,587 [DEBUG] __main__:: Requested last image
2022-05-18 16:21:02,135 [DEBUG] __main__:: Requested capture
2022-05-18 16:21:02,234 [DEBUG] camera:: Stopping thread
2022-05-18 16:21:02,241 [DEBUG] __main__:: Requested /capture
2022-05-18 16:21:02,335 [DEBUG] __main__:: Requested last image
2022-05-18 16:21:02,801 [DEBUG] __main__:: Requested capture
2022-05-18 16:21:02,904 [DEBUG] camera:: Stopping thread
2022-05-18 16:21:02,910 [DEBUG] __main__:: Requested /capture
2022-05-18 16:21:03,011 [DEBUG] __main__:: Requested last image
2022-05-18 16:21:03,310 [DEBUG] __main__:: Requested capture
2022-05-18 16:21:03,411 [DEBUG] camera:: Stopping thread
2022-05-18 16:21:03,418 [DEBUG] __main__:: Requested /capture
2022-05-18 16:21:03,511 [DEBUG] __main__:: Requested last image
2022-05-18 16:21:03,708 [DEBUG] __main__:: Requested capture
2022-05-18 16:21:03,787 [DEBUG] camera:: Stopping thread
2022-05-18 16:21:03,797 [DEBUG] __main__:: Requested /capture
2022-05-18 16:21:03,890 [DEBUG] __main__:: Requested last image
2022-05-18 16:21:04,126 [DEBUG] __main__:: Requested capture
2022-05-18 16:21:04,228 [DEBUG] camera:: Stopping thread
2022-05-18 16:21:04,239 [DEBUG] __main__:: Requested /capture
2022-05-18 16:21:04,321 [DEBUG] __main__:: Requested last image
2022-05-18 16:21:04,550 [DEBUG] __main__:: Requested capture
2022-05-18 16:21:04,641 [DEBUG] camera:: Stopping thread
2022-05-18 16:21:04,648 [DEBUG] __main__:: Requested /capture
2022-05-18 16:21:04,720 [DEBUG] __main__:: Requested last image
2022-05-18 16:21:04,953 [DEBUG] __main__:: Requested capture
2022-05-18 16:21:05,054 [DEBUG] camera:: Stopping thread
2022-05-18 16:21:05,061 [DEBUG] __main__:: Requested /capture
2022-05-18 16:21:05,144 [DEBUG] __main__:: Requested last image
2022-05-18 16:21:05,931 [DEBUG] __main__:: Requested capture
2022-05-18 16:21:06,034 [DEBUG] camera:: Stopping thread
2022-05-18 16:21:06,042 [DEBUG] __main__:: Requested /capture
2022-05-18 16:21:06,120 [DEBUG] __main__:: Requested last image
2022-05-18 16:21:06,876 [DEBUG] __main__:: Requested /capture
2022-05-18 16:21:06,979 [DEBUG] __main__:: Requested last image
2022-05-18 16:21:59,986 [DEBUG] __main__:: Starting server
2022-05-18 16:22:00,452 [DEBUG] __main__:: Requested /
2022-05-18 16:22:01,480 [DEBUG] __main__:: Requested /capture
2022-05-18 16:22:01,589 [DEBUG] __main__:: Requested last image
2022-05-18 16:22:03,459 [DEBUG] __main__:: Requested capture
2022-05-18 16:22:03,581 [DEBUG] camera:: Stopping thread
2022-05-18 16:22:03,587 [DEBUG] __main__:: Requested /capture
2022-05-18 16:22:03,597 [INFO] camera:: Thread stopped successfully
2022-05-18 16:22:03,674 [DEBUG] __main__:: Requested last image
2022-05-18 16:22:06,301 [DEBUG] __main__:: Requested capture
2022-05-18 16:22:06,406 [DEBUG] camera:: Stopping thread
2022-05-18 16:22:06,413 [DEBUG] __main__:: Requested /capture
2022-05-18 16:22:06,502 [DEBUG] __main__:: Requested last image
2022-05-18 16:22:07,561 [DEBUG] __main__:: Requested capture
2022-05-18 16:22:07,652 [DEBUG] camera:: Stopping thread
2022-05-18 16:22:07,659 [DEBUG] __main__:: Requested /capture
2022-05-18 16:22:07,740 [DEBUG] __main__:: Requested last image
2022-05-18 16:24:52,816 [DEBUG] __main__:: Starting server
2022-05-18 16:24:54,145 [DEBUG] __main__:: Requested /
2022-05-18 16:24:55,032 [DEBUG] __main__:: Requested /capture
2022-05-18 16:24:55,126 [DEBUG] __main__:: Requested last image
2022-05-18 16:24:56,413 [DEBUG] __main__:: Requested capture
2022-05-18 16:24:56,529 [DEBUG] camera:: Stopping thread
2022-05-18 16:24:56,566 [INFO] camera:: Thread stopped successfully
2022-05-18 16:24:56,688 [DEBUG] __main__:: Requested /capture
2022-05-18 16:24:56,764 [DEBUG] __main__:: Requested last image
2022-05-18 16:24:57,596 [DEBUG] __main__:: Requested capture
2022-05-18 16:24:57,704 [DEBUG] camera:: Stopping thread
2022-05-18 16:24:57,849 [DEBUG] __main__:: Requested /capture
2022-05-18 16:24:57,927 [DEBUG] __main__:: Requested last image
2022-05-18 16:24:58,432 [DEBUG] __main__:: Requested capture
2022-05-18 16:24:58,537 [DEBUG] camera:: Stopping thread
2022-05-18 16:24:58,690 [DEBUG] __main__:: Requested /capture
2022-05-18 16:24:58,770 [DEBUG] __main__:: Requested last image
2022-05-18 16:24:59,661 [DEBUG] __main__:: Requested capture
2022-05-18 16:24:59,769 [DEBUG] camera:: Stopping thread
2022-05-18 16:24:59,917 [DEBUG] __main__:: Requested /capture
2022-05-18 16:24:59,997 [DEBUG] __main__:: Requested last image
2022-05-18 16:25:00,847 [DEBUG] __main__:: Requested capture
2022-05-18 16:25:00,958 [DEBUG] camera:: Stopping thread
2022-05-18 16:25:01,125 [DEBUG] __main__:: Requested /capture
2022-05-18 16:25:01,208 [DEBUG] __main__:: Requested last image
2022-05-18 16:25:01,482 [DEBUG] __main__:: Requested capture
2022-05-18 16:25:01,563 [DEBUG] camera:: Stopping thread
2022-05-18 16:25:01,706 [DEBUG] __main__:: Requested /capture
2022-05-18 16:25:01,782 [DEBUG] __main__:: Requested last image
2022-05-18 16:25:01,908 [DEBUG] __main__:: Requested capture
2022-05-18 16:25:01,985 [DEBUG] camera:: Stopping thread
2022-05-18 16:25:02,152 [DEBUG] __main__:: Requested /capture
2022-05-18 16:25:02,238 [DEBUG] __main__:: Requested last image
2022-05-18 16:25:02,463 [DEBUG] __main__:: Requested capture
2022-05-18 16:25:02,555 [DEBUG] camera:: Stopping thread
2022-05-18 16:25:02,706 [DEBUG] __main__:: Requested /capture
2022-05-18 16:25:02,780 [DEBUG] __main__:: Requested last image
2022-05-18 16:25:03,041 [DEBUG] __main__:: Requested capture
2022-05-18 16:25:03,135 [DEBUG] camera:: Stopping thread
2022-05-18 16:25:03,296 [DEBUG] __main__:: Requested /capture
2022-05-18 16:25:03,382 [DEBUG] __main__:: Requested last image
2022-05-18 16:25:03,590 [DEBUG] __main__:: Requested capture
2022-05-18 16:25:03,673 [DEBUG] camera:: Stopping thread
2022-05-18 16:25:03,835 [DEBUG] __main__:: Requested /capture
2022-05-18 16:25:03,919 [DEBUG] __main__:: Requested last image
2022-05-18 16:25:04,248 [DEBUG] __main__:: Requested capture
2022-05-18 16:25:04,349 [DEBUG] camera:: Stopping thread
2022-05-18 16:25:04,507 [DEBUG] __main__:: Requested /capture
2022-05-18 16:25:04,589 [DEBUG] __main__:: Requested last image
2022-05-18 16:25:05,153 [DEBUG] __main__:: Requested capture
2022-05-18 16:25:05,229 [DEBUG] camera:: Stopping thread
2022-05-18 16:25:05,382 [DEBUG] __main__:: Requested /capture
2022-05-18 16:25:05,464 [DEBUG] __main__:: Requested last image
2022-05-18 16:26:13,198 [INFO] camera:: Initializing camera class with 60 fps and video_source=0
2022-05-18 16:26:13,324 [DEBUG] camera:: Starting thread
2022-05-18 16:26:13,324 [DEBUG] camera:: Observation started
2022-05-18 16:26:13,324 [INFO] camera:: Thread started
2022-05-18 16:26:13,333 [DEBUG] __main__:: Starting server
2022-05-18 16:26:13,668 [DEBUG] __main__:: Requested /capture
2022-05-18 16:26:13,750 [DEBUG] __main__:: Requested last image
2022-05-18 16:26:14,979 [DEBUG] __main__:: Requested capture
2022-05-18 16:26:15,071 [DEBUG] __main__:: Requested /capture
2022-05-18 16:26:15,152 [DEBUG] __main__:: Requested last image
2022-05-18 16:26:15,598 [DEBUG] __main__:: Requested capture
2022-05-18 16:26:15,711 [DEBUG] __main__:: Requested /capture
2022-05-18 16:26:15,792 [DEBUG] __main__:: Requested last image
2022-05-18 16:26:16,593 [DEBUG] __main__:: Requested capture
2022-05-18 16:26:16,700 [DEBUG] __main__:: Requested /capture
2022-05-18 16:26:16,806 [DEBUG] __main__:: Requested last image
2022-05-18 16:26:17,297 [DEBUG] __main__:: Requested capture
2022-05-18 16:26:17,410 [DEBUG] __main__:: Requested /capture
2022-05-18 16:26:17,525 [DEBUG] __main__:: Requested last image
2022-05-18 16:26:18,040 [DEBUG] __main__:: Requested capture
2022-05-18 16:26:18,146 [DEBUG] __main__:: Requested /capture
2022-05-18 16:26:18,223 [DEBUG] __main__:: Requested last image
2022-05-18 16:26:19,169 [DEBUG] __main__:: Requested capture
2022-05-18 16:26:19,257 [DEBUG] __main__:: Requested /capture
2022-05-18 16:26:19,340 [DEBUG] __main__:: Requested last image
2022-05-18 16:26:22,382 [DEBUG] __main__:: Requested /
2022-05-18 16:26:23,364 [DEBUG] __main__:: Requested stream page
2022-05-18 16:26:23,430 [DEBUG] __main__:: Starting stream
2022-05-18 16:35:27,958 [INFO] camera:: Initializing camera class with 60 fps and video_source=0
2022-05-18 16:35:27,974 [DEBUG] camera:: Starting thread
2022-05-18 16:35:27,974 [DEBUG] camera:: Observation started
2022-05-18 16:35:27,974 [INFO] camera:: Thread started
2022-05-18 16:35:27,986 [DEBUG] __main__:: Starting server
2022-05-18 16:35:32,543 [DEBUG] __main__:: Requested /
2022-05-18 16:35:34,004 [DEBUG] __main__:: Requested /capture
2022-05-18 16:35:34,108 [DEBUG] __main__:: Requested last image
2022-05-18 16:35:35,649 [DEBUG] __main__:: Requested capture
2022-05-18 16:35:35,757 [DEBUG] __main__:: Requested /capture
2022-05-18 16:35:35,851 [DEBUG] __main__:: Requested last image
2022-05-18 16:35:41,786 [DEBUG] __main__:: Requested stream page
2022-05-18 16:35:41,845 [DEBUG] __main__:: Starting stream
2022-05-18 16:37:43,279 [INFO] camera:: Initializing camera class with 60 fps and video_source=0
2022-05-18 16:37:43,295 [DEBUG] camera:: Starting thread
2022-05-18 16:37:43,295 [DEBUG] camera:: Observation started
2022-05-18 16:37:43,295 [INFO] camera:: Thread started
2022-05-18 16:37:43,302 [DEBUG] __main__:: Starting server
2022-05-18 16:37:45,952 [DEBUG] __main__:: Requested /
2022-05-18 16:37:48,082 [DEBUG] __main__:: Requested /capture
2022-05-18 16:37:48,178 [DEBUG] __main__:: Requested last image
2022-05-18 16:37:50,094 [DEBUG] __main__:: Requested capture
2022-05-18 16:37:50,261 [DEBUG] __main__:: Requested /capture
2022-05-18 16:37:50,342 [DEBUG] __main__:: Requested last image
2022-05-18 16:37:51,063 [DEBUG] __main__:: Requested capture
2022-05-18 16:37:51,219 [DEBUG] __main__:: Requested /capture
2022-05-18 16:37:51,302 [DEBUG] __main__:: Requested last image
2022-05-18 16:37:51,791 [DEBUG] __main__:: Requested capture
2022-05-18 16:37:51,964 [DEBUG] __main__:: Requested /capture
2022-05-18 16:37:52,043 [DEBUG] __main__:: Requested last image
2022-05-18 16:37:52,786 [DEBUG] __main__:: Requested capture
2022-05-18 16:37:52,955 [DEBUG] __main__:: Requested /capture
2022-05-18 16:37:53,034 [DEBUG] __main__:: Requested last image
2022-05-18 16:37:53,478 [DEBUG] __main__:: Requested capture
2022-05-18 16:37:53,621 [DEBUG] __main__:: Requested /capture
2022-05-18 16:37:53,699 [DEBUG] __main__:: Requested last image
2022-05-18 16:37:54,260 [DEBUG] __main__:: Requested capture
2022-05-18 16:37:54,421 [DEBUG] __main__:: Requested /capture
2022-05-18 16:37:54,501 [DEBUG] __main__:: Requested last image
2022-05-18 16:37:55,211 [DEBUG] __main__:: Requested capture
2022-05-18 16:37:55,385 [DEBUG] __main__:: Requested /capture
2022-05-18 16:37:55,462 [DEBUG] __main__:: Requested last image
2022-05-18 16:38:00,672 [DEBUG] __main__:: Requested capture
2022-05-18 16:38:01,095 [DEBUG] __main__:: Requested /capture
2022-05-18 16:38:01,178 [DEBUG] __main__:: Requested last image
2022-05-18 16:38:02,392 [DEBUG] __main__:: Requested capture
2022-05-18 16:38:02,695 [DEBUG] __main__:: Requested /capture
2022-05-18 16:38:02,781 [DEBUG] __main__:: Requested last image
2022-05-18 16:38:03,259 [DEBUG] __main__:: Requested capture
2022-05-18 16:38:03,563 [DEBUG] __main__:: Requested /capture
2022-05-18 16:38:03,642 [DEBUG] __main__:: Requested last image
2022-05-18 16:38:04,070 [DEBUG] __main__:: Requested capture
2022-05-18 16:38:04,359 [DEBUG] __main__:: Requested /capture
2022-05-18 16:38:04,434 [DEBUG] __main__:: Requested last image
2022-05-18 16:38:05,459 [DEBUG] __main__:: Requested capture
2022-05-18 16:38:05,757 [DEBUG] __main__:: Requested /capture
2022-05-18 16:38:05,842 [DEBUG] __main__:: Requested last image
2022-05-18 16:38:06,277 [DEBUG] __main__:: Requested capture
2022-05-18 16:38:06,577 [DEBUG] __main__:: Requested /capture
2022-05-18 16:38:06,657 [DEBUG] __main__:: Requested last image
2022-05-18 16:38:07,914 [DEBUG] __main__:: Requested capture
2022-05-18 16:38:08,215 [DEBUG] __main__:: Requested /capture
2022-05-18 16:38:08,300 [DEBUG] __main__:: Requested last image
2022-05-18 16:38:09,687 [DEBUG] __main__:: Requested capture
2022-05-18 16:38:09,985 [DEBUG] __main__:: Requested /capture
2022-05-18 16:38:10,068 [DEBUG] __main__:: Requested last image
2022-05-18 16:38:10,539 [DEBUG] __main__:: Requested capture
2022-05-18 16:38:10,828 [DEBUG] __main__:: Requested /capture
2022-05-18 16:38:10,911 [DEBUG] __main__:: Requested last image
2022-05-18 16:38:11,218 [DEBUG] __main__:: Requested capture
2022-05-18 16:38:11,486 [DEBUG] __main__:: Requested capture
2022-05-18 16:38:11,764 [DEBUG] __main__:: Requested capture
2022-05-18 16:38:12,040 [DEBUG] __main__:: Requested capture
2022-05-18 16:38:12,258 [DEBUG] __main__:: Requested /capture
2022-05-18 16:38:12,335 [DEBUG] __main__:: Requested last image
2022-05-18 16:38:12,938 [DEBUG] __main__:: Requested capture
2022-05-18 16:38:13,129 [DEBUG] __main__:: Requested /capture
2022-05-18 16:38:13,210 [DEBUG] __main__:: Requested last image
2022-05-18 16:41:15,742 [INFO] camera:: Initializing camera class with 60 fps and video_source=0
2022-05-18 16:41:15,759 [DEBUG] camera:: Starting thread
2022-05-18 16:41:15,759 [DEBUG] camera:: Observation started
2022-05-18 16:41:15,759 [INFO] camera:: Thread started
2022-05-18 16:41:15,766 [DEBUG] __main__:: Starting server
2022-05-18 16:41:18,971 [DEBUG] __main__:: Requested /
2022-05-18 16:41:20,395 [DEBUG] __main__:: Requested /capture
2022-05-18 16:41:20,482 [DEBUG] __main__:: Requested last image
2022-05-18 16:41:21,921 [DEBUG] __main__:: Requested capture
2022-05-18 16:41:22,085 [DEBUG] __main__:: Requested /capture
2022-05-18 16:41:22,168 [DEBUG] __main__:: Requested last image
2022-05-18 16:41:22,767 [DEBUG] __main__:: Requested capture
2022-05-18 16:41:22,934 [DEBUG] __main__:: Requested /capture
2022-05-18 16:41:23,010 [DEBUG] __main__:: Requested last image
2022-05-18 16:41:23,664 [DEBUG] __main__:: Requested capture
2022-05-18 16:41:23,829 [DEBUG] __main__:: Requested /capture
2022-05-18 16:41:23,909 [DEBUG] __main__:: Requested last image
2022-05-18 16:41:24,279 [DEBUG] __main__:: Requested capture
2022-05-18 16:41:24,438 [DEBUG] __main__:: Requested /capture
2022-05-18 16:41:24,521 [DEBUG] __main__:: Requested last image
2022-05-18 16:41:24,898 [DEBUG] __main__:: Requested capture
2022-05-18 16:41:25,062 [DEBUG] __main__:: Requested /capture
2022-05-18 16:41:25,139 [DEBUG] __main__:: Requested last image
2022-05-18 16:41:25,740 [DEBUG] __main__:: Requested capture
2022-05-18 16:41:25,900 [DEBUG] __main__:: Requested /capture
2022-05-18 16:41:25,980 [DEBUG] __main__:: Requested last image
2022-05-18 16:41:27,085 [DEBUG] __main__:: Requested capture
2022-05-18 16:41:27,258 [DEBUG] __main__:: Requested /capture
2022-05-18 16:41:27,344 [DEBUG] __main__:: Requested last image
2022-05-18 16:41:27,995 [DEBUG] __main__:: Requested capture
2022-05-18 16:41:28,175 [DEBUG] __main__:: Requested /capture
2022-05-18 16:41:28,258 [DEBUG] __main__:: Requested last image
2022-05-18 16:43:09,229 [INFO] camera:: Initializing camera class with 60 fps and video_source=0
2022-05-18 16:43:09,246 [DEBUG] camera:: Starting thread
2022-05-18 16:43:09,247 [DEBUG] camera:: Observation started
2022-05-18 16:43:09,247 [INFO] camera:: Thread started
2022-05-18 16:43:09,254 [DEBUG] __main__:: Starting server
2022-05-18 16:43:09,296 [DEBUG] __main__:: Requested /capture
2022-05-18 16:43:09,380 [DEBUG] __main__:: Requested last image
2022-05-18 16:43:10,100 [DEBUG] __main__:: Requested /capture
2022-05-18 16:43:10,183 [DEBUG] __main__:: Requested last image
2022-05-18 16:43:10,936 [DEBUG] __main__:: Requested capture
2022-05-18 16:43:11,095 [DEBUG] __main__:: Requested /capture
2022-05-18 16:43:11,178 [DEBUG] __main__:: Requested last image
2022-05-18 16:43:11,668 [DEBUG] __main__:: Requested capture
2022-05-18 16:43:11,833 [DEBUG] __main__:: Requested /capture
2022-05-18 16:43:11,909 [DEBUG] __main__:: Requested last image
2022-05-18 16:43:12,288 [DEBUG] __main__:: Requested capture
2022-05-18 16:43:12,446 [DEBUG] __main__:: Requested /capture
2022-05-18 16:43:12,528 [DEBUG] __main__:: Requested last image
2022-05-18 16:43:13,156 [DEBUG] __main__:: Requested capture
2022-05-18 16:43:13,306 [DEBUG] __main__:: Requested /capture
2022-05-18 16:43:13,386 [DEBUG] __main__:: Requested last image
2022-05-18 16:43:18,057 [DEBUG] __main__:: Requested /
2022-05-18 16:43:19,400 [DEBUG] __main__:: Requested stream page
2022-05-18 16:43:19,463 [DEBUG] __main__:: Starting stream
2022-05-18 16:44:35,115 [INFO] camera:: Initializing camera class with 60 fps and video_source=0
2022-05-18 16:44:35,131 [DEBUG] camera:: Starting thread
2022-05-18 16:44:35,132 [DEBUG] camera:: Observation started
2022-05-18 16:44:35,132 [INFO] camera:: Thread started
2022-05-18 16:44:35,138 [DEBUG] __main__:: Starting server
2022-05-18 16:44:35,455 [DEBUG] __main__:: Requested stream page
2022-05-18 16:44:35,547 [DEBUG] __main__:: Starting stream
2022-05-18 16:44:43,280 [DEBUG] __main__:: Requested /capture
2022-05-18 16:44:43,400 [DEBUG] __main__:: Requested last image
2022-05-18 16:44:44,626 [DEBUG] __main__:: Requested capture
2022-05-18 16:44:44,754 [DEBUG] __main__:: Requested /capture
2022-05-18 16:44:44,841 [DEBUG] __main__:: Requested last image
2022-05-18 16:44:45,417 [DEBUG] __main__:: Requested capture
2022-05-18 16:44:45,560 [DEBUG] __main__:: Requested /capture
2022-05-18 16:44:45,644 [DEBUG] __main__:: Requested last image
2022-05-18 16:44:46,128 [DEBUG] __main__:: Requested capture
2022-05-18 16:44:46,315 [DEBUG] __main__:: Requested /capture
2022-05-18 16:44:46,392 [DEBUG] __main__:: Requested last image
2022-05-18 16:44:46,981 [DEBUG] __main__:: Requested capture
2022-05-18 16:44:47,098 [DEBUG] __main__:: Requested /capture
2022-05-18 16:44:47,182 [DEBUG] __main__:: Requested last image
2022-05-18 16:44:48,166 [DEBUG] __main__:: Requested capture
2022-05-18 16:44:48,296 [DEBUG] __main__:: Requested /capture
2022-05-18 16:44:48,379 [DEBUG] __main__:: Requested last image
2022-05-18 16:44:49,588 [DEBUG] __main__:: Requested capture
2022-05-18 16:44:49,827 [DEBUG] __main__:: Requested /capture
2022-05-18 16:44:49,914 [DEBUG] __main__:: Requested last image
2022-05-18 16:44:50,852 [DEBUG] __main__:: Requested capture
2022-05-18 16:44:51,105 [DEBUG] __main__:: Requested /capture
2022-05-18 16:44:51,187 [DEBUG] __main__:: Requested last image
2022-05-18 16:45:29,614 [INFO] camera:: Initializing camera class with 60 fps and video_source=0
2022-05-18 16:45:29,630 [DEBUG] camera:: Starting thread
2022-05-18 16:45:29,631 [DEBUG] camera:: Observation started
2022-05-18 16:45:29,631 [INFO] camera:: Thread started
2022-05-18 16:45:29,641 [DEBUG] __main__:: Starting server
2022-05-18 16:45:30,819 [DEBUG] __main__:: Requested /capture
2022-05-18 16:45:30,947 [DEBUG] __main__:: Requested last image
2022-05-18 16:45:32,274 [DEBUG] __main__:: Requested capture
2022-05-18 16:45:32,610 [DEBUG] __main__:: Requested /capture
2022-05-18 16:45:32,699 [DEBUG] __main__:: Requested last image
2022-05-18 16:45:33,177 [DEBUG] __main__:: Requested capture
2022-05-18 16:45:33,438 [DEBUG] __main__:: Requested /capture
2022-05-18 16:45:33,515 [DEBUG] __main__:: Requested last image
2022-05-18 16:45:33,989 [DEBUG] __main__:: Requested capture
2022-05-18 16:45:34,118 [DEBUG] __main__:: Requested /capture
2022-05-18 16:45:34,193 [DEBUG] __main__:: Requested last image
2022-05-18 16:45:34,693 [DEBUG] __main__:: Requested capture
2022-05-18 16:45:34,823 [DEBUG] __main__:: Requested /capture
2022-05-18 16:45:34,899 [DEBUG] __main__:: Requested last image
2022-05-18 16:45:35,518 [DEBUG] __main__:: Requested capture
2022-05-18 16:45:35,645 [DEBUG] __main__:: Requested /capture
2022-05-18 16:45:35,730 [DEBUG] __main__:: Requested last image
2022-05-18 16:45:36,126 [DEBUG] __main__:: Requested capture
2022-05-18 16:45:36,262 [DEBUG] __main__:: Requested /capture
2022-05-18 16:45:36,338 [DEBUG] __main__:: Requested last image
2022-05-18 16:45:36,865 [DEBUG] __main__:: Requested capture
2022-05-18 16:45:37,003 [DEBUG] __main__:: Requested /capture
2022-05-18 16:45:37,089 [DEBUG] __main__:: Requested last image
2022-05-18 16:45:37,506 [DEBUG] __main__:: Requested capture
2022-05-18 16:45:37,700 [DEBUG] __main__:: Requested /capture
2022-05-18 16:45:37,781 [DEBUG] __main__:: Requested last image
2022-05-18 16:46:39,480 [DEBUG] __main__:: Requested /capture
2022-05-18 16:46:39,570 [DEBUG] __main__:: Requested last image
2022-05-18 16:46:43,985 [DEBUG] __main__:: Requested capture
2022-05-18 16:46:44,118 [DEBUG] __main__:: Requested /capture
2022-05-18 16:46:44,189 [DEBUG] __main__:: Requested last image
2022-05-18 16:46:44,703 [DEBUG] __main__:: Requested capture
2022-05-18 16:46:44,826 [DEBUG] __main__:: Requested /capture
2022-05-18 16:46:44,891 [DEBUG] __main__:: Requested last image
2022-05-18 16:46:45,724 [DEBUG] __main__:: Requested capture
2022-05-18 16:46:45,958 [DEBUG] __main__:: Requested /capture
2022-05-18 16:46:46,064 [DEBUG] __main__:: Requested last image
2022-05-18 16:46:49,390 [DEBUG] __main__:: Requested /capture
2022-05-18 16:46:49,483 [DEBUG] __main__:: Requested last image
2022-05-18 16:46:57,890 [DEBUG] __main__:: Requested upload page
2022-05-18 16:47:00,115 [DEBUG] __main__:: Requested stream page
2022-05-18 16:47:00,166 [DEBUG] __main__:: Starting stream
2022-05-18 16:47:09,404 [DEBUG] __main__:: Requested /capture
2022-05-18 16:47:09,497 [DEBUG] __main__:: Requested last image
2022-05-18 16:50:08,276 [DEBUG] __main__:: Requested stream page
2022-05-18 16:50:08,336 [DEBUG] __main__:: Starting stream
2022-05-18 16:53:24,740 [INFO] camera:: Initializing camera class with 60 fps and video_source=0
2022-05-18 16:53:24,756 [DEBUG] camera:: Starting thread
2022-05-18 16:53:24,757 [DEBUG] camera:: Observation started
2022-05-18 16:53:24,757 [INFO] camera:: Thread started
2022-05-18 16:53:24,764 [DEBUG] __main__:: Starting server
2022-05-18 16:53:27,715 [DEBUG] __main__:: Requested /
2022-05-18 16:53:30,810 [DEBUG] __main__:: Requested stream page
2022-05-18 16:53:30,875 [DEBUG] __main__:: Starting stream
2022-05-18 16:59:47,866 [INFO] camera:: Initializing camera class with 60 fps and video_source=0
2022-05-18 16:59:47,883 [DEBUG] camera:: Starting thread
2022-05-18 16:59:47,883 [DEBUG] camera:: Observation started
2022-05-18 16:59:47,883 [INFO] camera:: Thread started
2022-05-18 16:59:47,891 [DEBUG] __main__:: Starting server
2022-05-18 16:59:50,483 [DEBUG] __main__:: Requested /
2022-05-18 16:59:52,658 [DEBUG] __main__:: Requested stream page
2022-05-18 16:59:52,722 [DEBUG] __main__:: Starting stream
2022-05-18 17:00:18,609 [DEBUG] __main__:: Requested /
2022-05-18 17:00:21,683 [DEBUG] __main__:: Requested capture
2022-05-18 17:00:21,839 [DEBUG] __main__:: Requested /capture
2022-05-18 17:00:21,903 [DEBUG] __main__:: Requested last image
2022-05-18 17:00:56,723 [INFO] camera:: Initializing camera class with 60 fps and video_source=0
2022-05-18 17:00:56,739 [DEBUG] camera:: Starting thread
2022-05-18 17:00:56,740 [DEBUG] camera:: Observation started
2022-05-18 17:00:56,740 [INFO] camera:: Thread started
2022-05-18 17:00:56,747 [DEBUG] __main__:: Starting server
2022-05-18 17:00:58,312 [DEBUG] __main__:: Requested /capture
2022-05-18 17:00:58,403 [DEBUG] __main__:: Requested last image
2022-05-18 17:00:59,653 [DEBUG] __main__:: Requested capture
2022-05-18 17:00:59,772 [DEBUG] __main__:: Requested /capture
2022-05-18 17:00:59,858 [DEBUG] __main__:: Requested last image
2022-05-18 17:01:00,370 [DEBUG] __main__:: Requested capture
2022-05-18 17:01:00,730 [DEBUG] __main__:: Requested /capture
2022-05-18 17:01:00,804 [DEBUG] __main__:: Requested last image
2022-05-18 17:01:01,271 [DEBUG] __main__:: Requested capture
2022-05-18 17:01:01,397 [DEBUG] __main__:: Requested /capture
2022-05-18 17:01:01,477 [DEBUG] __main__:: Requested last image
2022-05-18 17:01:01,920 [DEBUG] __main__:: Requested capture
2022-05-18 17:01:02,050 [DEBUG] __main__:: Requested /capture
2022-05-18 17:01:02,135 [DEBUG] __main__:: Requested last image
2022-05-18 17:01:49,771 [INFO] camera:: Initializing camera class with 60 fps and video_source=0
2022-05-18 17:01:49,787 [DEBUG] camera:: Starting thread
2022-05-18 17:01:49,788 [DEBUG] camera:: Observation started
2022-05-18 17:01:49,788 [INFO] camera:: Thread started
2022-05-18 17:01:49,796 [DEBUG] __main__:: Starting server
2022-05-18 17:01:50,462 [DEBUG] __main__:: Requested /capture
2022-05-18 17:01:50,554 [DEBUG] __main__:: Requested last image
2022-05-18 17:01:53,105 [DEBUG] __main__:: Requested capture
2022-05-18 17:01:53,229 [DEBUG] __main__:: Requested /capture
2022-05-18 17:01:53,314 [DEBUG] __main__:: Requested last image
2022-05-18 17:01:53,861 [DEBUG] __main__:: Requested capture
2022-05-18 17:01:53,986 [DEBUG] __main__:: Requested /capture
2022-05-18 17:01:54,068 [DEBUG] __main__:: Requested last image
2022-05-18 17:01:55,139 [DEBUG] __main__:: Requested capture
2022-05-18 17:01:55,257 [DEBUG] __main__:: Requested /capture
2022-05-18 17:01:55,345 [DEBUG] __main__:: Requested last image
2022-05-18 17:02:01,447 [DEBUG] __main__:: Requested /
2022-05-18 17:02:03,485 [DEBUG] __main__:: Requested stream page
2022-05-18 17:02:03,547 [DEBUG] __main__:: Starting stream
2022-05-18 17:02:58,847 [INFO] camera:: Initializing camera class with 60 fps and video_source=0
2022-05-18 17:02:58,864 [DEBUG] camera:: Starting thread
2022-05-18 17:02:58,864 [DEBUG] camera:: Observation started
2022-05-18 17:02:58,864 [INFO] camera:: Thread started
2022-05-18 17:02:58,870 [DEBUG] __main__:: Starting server
2022-05-18 17:02:58,914 [DEBUG] __main__:: Requested stream page
2022-05-18 17:02:59,003 [DEBUG] __main__:: Starting stream
2022-05-18 17:03:00,577 [DEBUG] __main__:: Requested stream page
2022-05-18 17:03:00,697 [DEBUG] __main__:: Starting stream
2022-05-18 17:03:49,060 [INFO] camera:: Initializing camera class with 60 fps and video_source=0
2022-05-18 17:03:49,076 [DEBUG] camera:: Starting thread
2022-05-18 17:03:49,077 [DEBUG] camera:: Observation started
2022-05-18 17:03:49,077 [INFO] camera:: Thread started
2022-05-18 17:03:49,085 [DEBUG] __main__:: Starting server
2022-05-18 17:03:49,150 [DEBUG] __main__:: Requested stream page
2022-05-18 17:03:49,250 [DEBUG] __main__:: Starting stream
2022-05-18 17:03:51,703 [DEBUG] __main__:: Requested stream page
2022-05-18 17:03:51,790 [DEBUG] __main__:: Starting stream
2022-05-18 17:03:52,397 [DEBUG] __main__:: Requested stream page
2022-05-18 17:03:52,484 [DEBUG] __main__:: Starting stream
2022-05-18 17:04:08,337 [INFO] camera:: Initializing camera class with 60 fps and video_source=0
2022-05-18 17:04:08,354 [DEBUG] camera:: Starting thread
2022-05-18 17:04:08,354 [DEBUG] camera:: Observation started
2022-05-18 17:04:08,354 [INFO] camera:: Thread started
2022-05-18 17:04:08,361 [DEBUG] __main__:: Starting server
2022-05-18 17:04:08,641 [DEBUG] __main__:: Requested stream page
2022-05-18 17:04:08,728 [DEBUG] __main__:: Starting stream
2022-05-18 17:05:30,270 [INFO] camera:: Initializing camera class with 60 fps and video_source=0
2022-05-18 17:05:30,286 [DEBUG] camera:: Starting thread
2022-05-18 17:05:30,286 [DEBUG] camera:: Observation started
2022-05-18 17:05:30,287 [INFO] camera:: Thread started
2022-05-18 17:05:30,293 [DEBUG] __main__:: Starting server
2022-05-18 17:05:31,168 [DEBUG] __main__:: Requested stream page
2022-05-18 17:05:31,277 [DEBUG] __main__:: Starting stream
2022-05-18 17:09:11,060 [DEBUG] __main__:: Requested stream page
2022-05-18 17:09:11,154 [DEBUG] __main__:: Starting stream
2022-05-18 17:09:32,813 [DEBUG] __main__:: Requested stream page
2022-05-18 17:09:32,927 [DEBUG] __main__:: Starting stream
2022-05-18 17:12:46,508 [INFO] camera:: Initializing camera class with 60 fps and video_source=0
2022-05-18 17:12:46,524 [DEBUG] camera:: Starting thread
2022-05-18 17:12:46,524 [DEBUG] camera:: Observation started
2022-05-18 17:12:46,524 [INFO] camera:: Thread started
2022-05-18 17:12:46,533 [DEBUG] __main__:: Starting server
2022-05-18 17:12:48,667 [DEBUG] __main__:: Requested stream page
2022-05-18 17:12:48,770 [DEBUG] __main__:: Starting stream
2022-05-18 17:12:49,980 [DEBUG] __main__:: Requested stream page
2022-05-18 17:12:50,089 [DEBUG] __main__:: Starting stream
2022-05-18 17:12:50,569 [DEBUG] __main__:: Requested stream page
2022-05-18 17:12:50,647 [DEBUG] __main__:: Starting stream
2022-05-18 17:12:50,969 [DEBUG] __main__:: Requested stream page
2022-05-18 17:12:51,043 [DEBUG] __main__:: Starting stream
2022-05-18 17:12:51,632 [DEBUG] __main__:: Requested stream page
2022-05-18 17:12:51,740 [DEBUG] __main__:: Starting stream
2022-05-18 17:13:37,582 [INFO] camera:: Initializing camera class with 60 fps and video_source=0
2022-05-18 17:13:37,598 [DEBUG] camera:: Starting thread
2022-05-18 17:13:37,598 [DEBUG] camera:: Observation started
2022-05-18 17:13:37,598 [INFO] camera:: Thread started
2022-05-18 17:13:37,607 [DEBUG] __main__:: Starting server
2022-05-18 17:13:37,826 [DEBUG] __main__:: Requested stream page
2022-05-18 17:13:37,950 [DEBUG] __main__:: Starting stream
2022-05-18 17:13:38,654 [DEBUG] __main__:: Requested stream page
2022-05-18 17:13:38,776 [DEBUG] __main__:: Starting stream
2022-05-18 17:13:39,891 [DEBUG] __main__:: Requested stream page
2022-05-18 17:13:39,985 [DEBUG] __main__:: Starting stream
2022-05-18 17:13:40,520 [DEBUG] __main__:: Requested stream page
2022-05-18 17:13:40,608 [DEBUG] __main__:: Starting stream
2022-05-18 17:13:41,365 [DEBUG] __main__:: Requested stream page
2022-05-18 17:13:41,461 [DEBUG] __main__:: Starting stream
2022-05-18 17:14:14,557 [INFO] camera:: Initializing camera class with 60 fps and video_source=0
2022-05-18 17:14:14,572 [DEBUG] camera:: Starting thread
2022-05-18 17:14:14,573 [DEBUG] camera:: Observation started
2022-05-18 17:14:14,573 [INFO] camera:: Thread started
2022-05-18 17:14:14,579 [DEBUG] __main__:: Starting server
2022-05-18 17:14:16,368 [DEBUG] __main__:: Requested stream page
2022-05-18 17:14:16,501 [DEBUG] __main__:: Starting stream
2022-05-18 17:16:57,822 [INFO] camera:: Initializing camera class with 60 fps and video_source=0
2022-05-18 17:16:57,838 [DEBUG] camera:: Starting thread
2022-05-18 17:16:57,838 [DEBUG] camera:: Observation started
2022-05-18 17:16:57,838 [INFO] camera:: Thread started
2022-05-18 17:16:57,844 [DEBUG] __main__:: Starting server
2022-05-18 17:16:58,743 [DEBUG] __main__:: Requested stream page
2022-05-18 17:16:58,900 [DEBUG] __main__:: Starting stream
2022-05-18 17:17:24,284 [INFO] camera:: Initializing camera class with 60 fps and video_source=0
2022-05-18 17:17:24,299 [DEBUG] camera:: Starting thread
2022-05-18 17:17:24,300 [DEBUG] camera:: Observation started
2022-05-18 17:17:24,300 [INFO] camera:: Thread started
2022-05-18 17:17:24,308 [DEBUG] __main__:: Starting server
2022-05-18 17:17:28,492 [DEBUG] __main__:: Requested stream page
2022-05-18 17:17:28,591 [DEBUG] __main__:: Starting stream
2022-05-18 17:18:18,033 [DEBUG] __main__:: Requested stream page
2022-05-18 17:18:18,143 [DEBUG] __main__:: Starting stream
2022-05-18 17:18:40,588 [DEBUG] __main__:: Starting stream
2022-05-18 17:22:43,991 [INFO] camera:: Initializing camera class with 60 fps and video_source=0
2022-05-18 17:22:44,007 [DEBUG] camera:: Starting thread
2022-05-18 17:22:44,008 [DEBUG] camera:: Observation started
2022-05-18 17:22:44,008 [INFO] camera:: Thread started
2022-05-18 17:22:44,015 [DEBUG] __main__:: Starting server
2022-05-18 17:22:44,490 [DEBUG] __main__:: Starting stream
2022-05-18 17:22:45,358 [DEBUG] __main__:: Starting stream
2022-05-18 17:22:46,213 [DEBUG] __main__:: Starting stream
2022-05-18 17:23:24,824 [INFO] camera:: Initializing camera class with 60 fps and video_source=0
2022-05-18 17:23:24,840 [DEBUG] camera:: Starting thread
2022-05-18 17:23:24,840 [DEBUG] camera:: Observation started
2022-05-18 17:23:24,840 [INFO] camera:: Thread started
2022-05-18 17:23:24,846 [DEBUG] __main__:: Starting server
2022-05-18 17:23:28,116 [DEBUG] __main__:: Requested stream page
2022-05-18 17:23:28,179 [DEBUG] __main__:: Starting stream
2022-05-18 17:23:29,251 [DEBUG] __main__:: Requested stream page
2022-05-18 17:23:29,355 [DEBUG] __main__:: Starting stream
2022-05-18 17:23:50,337 [INFO] camera:: Initializing camera class with 60 fps and video_source=0
2022-05-18 17:23:50,463 [DEBUG] camera:: Starting thread
2022-05-18 17:23:50,464 [DEBUG] camera:: Observation started
2022-05-18 17:23:50,464 [INFO] camera:: Thread started
2022-05-18 17:23:50,472 [DEBUG] __main__:: Starting server
2022-05-18 17:23:50,540 [DEBUG] __main__:: Requested stream page
2022-05-18 17:23:50,628 [DEBUG] __main__:: Starting stream
2022-05-18 17:23:51,338 [DEBUG] __main__:: Requested stream page
2022-05-18 17:23:51,418 [DEBUG] __main__:: Starting stream
2022-05-18 17:25:01,420 [INFO] camera:: Initializing camera class with 60 fps and video_source=0
2022-05-18 17:25:01,543 [DEBUG] camera:: Starting thread
2022-05-18 17:25:01,543 [DEBUG] camera:: Observation started
2022-05-18 17:25:01,543 [INFO] camera:: Thread started
2022-05-18 17:25:01,552 [DEBUG] __main__:: Starting server
2022-05-18 17:25:02,097 [DEBUG] __main__:: Requested stream page
2022-05-18 17:25:02,188 [DEBUG] __main__:: Starting stream
2022-05-18 17:25:03,778 [DEBUG] __main__:: Requested stream page
2022-05-18 17:25:03,859 [DEBUG] __main__:: Starting stream
2022-05-18 17:26:02,579 [INFO] camera:: Initializing camera class with 60 fps and video_source=0
2022-05-18 17:26:02,595 [DEBUG] camera:: Starting thread
2022-05-18 17:26:02,595 [DEBUG] camera:: Observation started
2022-05-18 17:26:02,595 [INFO] camera:: Thread started
2022-05-18 17:26:02,602 [DEBUG] __main__:: Starting server
2022-05-18 17:26:02,720 [DEBUG] __main__:: Requested stream page
2022-05-18 17:26:02,815 [DEBUG] __main__:: Starting stream
2022-05-18 17:26:03,809 [DEBUG] __main__:: Requested stream page
2022-05-18 17:26:03,908 [DEBUG] __main__:: Starting stream
2022-05-18 17:26:04,370 [DEBUG] __main__:: Requested stream page
2022-05-18 17:26:04,447 [DEBUG] __main__:: Starting stream
2022-05-18 17:26:59,488 [INFO] camera:: Initializing camera class with 60 fps and video_source=0
2022-05-18 17:26:59,504 [DEBUG] camera:: Starting thread
2022-05-18 17:26:59,504 [DEBUG] camera:: Observation started
2022-05-18 17:26:59,504 [INFO] camera:: Thread started
2022-05-18 17:26:59,511 [DEBUG] __main__:: Starting server
2022-05-18 17:26:59,878 [DEBUG] __main__:: Requested stream page
2022-05-18 17:26:59,965 [DEBUG] __main__:: Starting stream
2022-05-18 17:28:10,544 [INFO] camera:: Initializing camera class with 60 fps and video_source=0
2022-05-18 17:28:10,560 [DEBUG] camera:: Starting thread
2022-05-18 17:28:10,560 [DEBUG] camera:: Observation started
2022-05-18 17:28:10,560 [INFO] camera:: Thread started
2022-05-18 17:28:10,567 [DEBUG] __main__:: Starting server
2022-05-18 17:28:12,452 [DEBUG] __main__:: Requested stream page
2022-05-18 17:28:12,543 [DEBUG] __main__:: Starting stream
2022-05-18 17:30:40,885 [DEBUG] __main__:: Requested stream page
2022-05-18 17:30:40,976 [DEBUG] __main__:: Starting stream
2022-05-18 17:30:52,358 [INFO] camera:: Initializing camera class with 60 fps and video_source=0
2022-05-18 17:30:52,374 [DEBUG] camera:: Starting thread
2022-05-18 17:30:52,374 [DEBUG] camera:: Observation started
2022-05-18 17:30:52,375 [INFO] camera:: Thread started
2022-05-18 17:30:52,385 [DEBUG] __main__:: Starting server
2022-05-18 17:30:53,620 [DEBUG] __main__:: Requested stream page
2022-05-18 17:30:53,709 [DEBUG] __main__:: Starting stream
2022-05-18 17:31:57,169 [INFO] camera:: Initializing camera class with 60 fps and video_source=0
2022-05-18 17:31:57,293 [DEBUG] camera:: Starting thread
2022-05-18 17:31:57,294 [DEBUG] camera:: Observation started
2022-05-18 17:31:57,294 [INFO] camera:: Thread started
2022-05-18 17:31:57,305 [DEBUG] __main__:: Starting server
2022-05-18 17:31:58,870 [DEBUG] __main__:: Requested stream page
2022-05-18 17:31:58,968 [DEBUG] __main__:: Starting stream
2022-05-18 17:32:28,515 [INFO] camera:: Initializing camera class with 60 fps and video_source=0
2022-05-18 17:32:28,531 [DEBUG] camera:: Starting thread
2022-05-18 17:32:28,532 [DEBUG] camera:: Observation started
2022-05-18 17:32:28,532 [INFO] camera:: Thread started
2022-05-18 17:32:28,539 [DEBUG] __main__:: Starting server
2022-05-18 17:32:29,900 [DEBUG] __main__:: Requested stream page
2022-05-18 17:32:30,002 [DEBUG] __main__:: Starting stream
2022-05-18 17:33:24,409 [INFO] camera:: Initializing camera class with 60 fps and video_source=0
2022-05-18 17:33:24,425 [DEBUG] camera:: Starting thread
2022-05-18 17:33:24,426 [DEBUG] camera:: Observation started
2022-05-18 17:33:24,426 [INFO] camera:: Thread started
2022-05-18 17:33:24,433 [DEBUG] __main__:: Starting server
2022-05-18 17:33:26,145 [DEBUG] __main__:: Requested stream page
2022-05-18 17:33:26,270 [DEBUG] __main__:: Starting stream
2022-05-18 17:33:58,934 [INFO] camera:: Initializing camera class with 60 fps and video_source=0
2022-05-18 17:33:59,060 [DEBUG] camera:: Starting thread
2022-05-18 17:33:59,060 [DEBUG] camera:: Observation started
2022-05-18 17:33:59,061 [INFO] camera:: Thread started
2022-05-18 17:33:59,080 [DEBUG] __main__:: Starting server
2022-05-18 17:33:59,324 [DEBUG] __main__:: Requested stream page
2022-05-18 17:33:59,421 [DEBUG] __main__:: Starting stream
2022-05-18 17:35:42,044 [INFO] camera:: Initializing camera class with 60 fps and video_source=0
2022-05-18 17:35:42,060 [DEBUG] camera:: Starting thread
2022-05-18 17:35:42,060 [DEBUG] camera:: Observation started
2022-05-18 17:35:42,060 [INFO] camera:: Thread started
2022-05-18 17:35:42,068 [DEBUG] __main__:: Starting server
2022-05-18 17:35:42,700 [DEBUG] __main__:: Requested stream page
2022-05-18 17:35:42,782 [DEBUG] __main__:: Starting stream
2022-05-18 17:36:04,045 [INFO] camera:: Initializing camera class with 60 fps and video_source=0
2022-05-18 17:36:04,173 [DEBUG] camera:: Starting thread
2022-05-18 17:36:04,173 [DEBUG] camera:: Observation started
2022-05-18 17:36:04,173 [INFO] camera:: Thread started
2022-05-18 17:36:04,182 [DEBUG] __main__:: Starting server
2022-05-18 17:36:04,456 [DEBUG] __main__:: Requested stream page
2022-05-18 17:36:04,531 [DEBUG] __main__:: Starting stream
2022-05-18 17:37:08,902 [INFO] camera:: Initializing camera class with 60 fps and video_source=0
2022-05-18 17:37:09,033 [DEBUG] camera:: Starting thread
2022-05-18 17:37:09,034 [DEBUG] camera:: Observation started
2022-05-18 17:37:09,034 [INFO] camera:: Thread started
2022-05-18 17:37:09,042 [DEBUG] __main__:: Starting server
2022-05-18 17:37:09,145 [DEBUG] __main__:: Requested stream page
2022-05-18 17:37:09,231 [DEBUG] __main__:: Starting stream
2022-05-18 17:37:10,046 [DEBUG] __main__:: Requested stream page
2022-05-18 17:37:10,120 [DEBUG] __main__:: Starting stream
2022-05-18 17:37:32,803 [INFO] camera:: Initializing camera class with 60 fps and video_source=0
2022-05-18 17:37:32,927 [DEBUG] camera:: Starting thread
2022-05-18 17:37:32,927 [DEBUG] camera:: Observation started
2022-05-18 17:37:32,927 [INFO] camera:: Thread started
2022-05-18 17:37:32,942 [DEBUG] __main__:: Starting server
2022-05-18 17:37:33,444 [DEBUG] __main__:: Requested stream page
2022-05-18 17:37:33,522 [DEBUG] __main__:: Starting stream
2022-05-18 17:38:28,801 [DEBUG] __main__:: Starting stream
